{"C:\\-----Tien Bao Hoc Hanh Cham Chi-----\\Lop Anh Nam\\Gre Health - final project\\be-gre-health\\app.js": {"path":"C:\\-----Tien Bao Hoc Hanh Cham Chi-----\\Lop Anh Nam\\Gre Health - final project\\be-gre-health\\app.js","statementMap":{"0":{"start":{"line":1,"column":14},"end":{"line":1,"column":32}},"1":{"start":{"line":2,"column":11},"end":{"line":2,"column":26}},"2":{"start":{"line":3,"column":11},"end":{"line":3,"column":26}},"3":{"start":{"line":4,"column":19},"end":{"line":4,"column":43}},"4":{"start":{"line":5,"column":13},"end":{"line":5,"column":30}},"5":{"start":{"line":6,"column":17},"end":{"line":6,"column":47}},"6":{"start":{"line":7,"column":21},"end":{"line":7,"column":45}},"7":{"start":{"line":8,"column":18},"end":{"line":8,"column":47}},"8":{"start":{"line":10,"column":23},"end":{"line":10,"column":52}},"9":{"start":{"line":12,"column":18},"end":{"line":12,"column":43}},"10":{"start":{"line":13,"column":18},"end":{"line":13,"column":43}},"11":{"start":{"line":14,"column":19},"end":{"line":14,"column":47}},"12":{"start":{"line":15,"column":21},"end":{"line":15,"column":51}},"13":{"start":{"line":16,"column":19},"end":{"line":16,"column":47}},"14":{"start":{"line":19,"column":19},"end":{"line":19,"column":47}},"15":{"start":{"line":21,"column":10},"end":{"line":21,"column":19}},"16":{"start":{"line":24,"column":26},"end":{"line":30,"column":1}},"17":{"start":{"line":32,"column":16},"end":{"line":36,"column":1}},"18":{"start":{"line":38,"column":20},"end":{"line":38,"column":41}},"19":{"start":{"line":40,"column":0},"end":{"line":40,"column":16}},"20":{"start":{"line":41,"column":0},"end":{"line":41,"column":23}},"21":{"start":{"line":42,"column":0},"end":{"line":42,"column":24}},"22":{"start":{"line":43,"column":0},"end":{"line":43,"column":49}},"23":{"start":{"line":44,"column":0},"end":{"line":44,"column":24}},"24":{"start":{"line":45,"column":0},"end":{"line":45,"column":56}},"25":{"start":{"line":47,"column":0},"end":{"line":47,"column":26}},"26":{"start":{"line":48,"column":0},"end":{"line":48,"column":31}},"27":{"start":{"line":49,"column":0},"end":{"line":49,"column":33}},"28":{"start":{"line":51,"column":0},"end":{"line":51,"column":37}},"29":{"start":{"line":53,"column":0},"end":{"line":53,"column":33}},"30":{"start":{"line":54,"column":0},"end":{"line":54,"column":29}},"31":{"start":{"line":55,"column":0},"end":{"line":55,"column":64}},"32":{"start":{"line":58,"column":0},"end":{"line":60,"column":5}},"33":{"start":{"line":59,"column":2},"end":{"line":59,"column":29}},"34":{"start":{"line":62,"column":0},"end":{"line":62,"column":21}}},"fnMap":{"0":{"name":"(anonymous_0)","decl":{"start":{"line":58,"column":1},"end":{"line":58,"column":2}},"loc":{"start":{"line":58,"column":13},"end":{"line":60,"column":1}},"line":58}},"branchMap":{},"s":{"0":3,"1":3,"2":3,"3":3,"4":3,"5":3,"6":3,"7":3,"8":3,"9":3,"10":3,"11":3,"12":3,"13":3,"14":3,"15":3,"16":3,"17":3,"18":3,"19":3,"20":3,"21":3,"22":3,"23":3,"24":3,"25":3,"26":3,"27":3,"28":3,"29":3,"30":3,"31":3,"32":3,"33":3,"34":3},"f":{"0":3},"b":{},"_coverageSchema":"1a1c01bbd47fc00a2c39e90264f33305004495a9","hash":"38674eb40a7f7e089206ceff9b899b2b896faa92"}
,"C:\\-----Tien Bao Hoc Hanh Cham Chi-----\\Lop Anh Nam\\Gre Health - final project\\be-gre-health\\constants\\role.js": {"path":"C:\\-----Tien Bao Hoc Hanh Cham Chi-----\\Lop Anh Nam\\Gre Health - final project\\be-gre-health\\constants\\role.js","statementMap":{"0":{"start":{"line":1,"column":19},"end":{"line":1,"column":26}},"1":{"start":{"line":2,"column":21},"end":{"line":2,"column":30}},"2":{"start":{"line":3,"column":26},"end":{"line":3,"column":40}},"3":{"start":{"line":4,"column":20},"end":{"line":4,"column":28}},"4":{"start":{"line":5,"column":18},"end":{"line":5,"column":24}},"5":{"start":{"line":7,"column":0},"end":{"line":13,"column":2}}},"fnMap":{},"branchMap":{},"s":{"0":4,"1":4,"2":4,"3":4,"4":4,"5":4},"f":{},"b":{},"_coverageSchema":"1a1c01bbd47fc00a2c39e90264f33305004495a9","hash":"c85de00bcbd3ccac213bb42f3396526a95805e7d"}
,"C:\\-----Tien Bao Hoc Hanh Cham Chi-----\\Lop Anh Nam\\Gre Health - final project\\be-gre-health\\controllers\\FormController.js": {"path":"C:\\-----Tien Bao Hoc Hanh Cham Chi-----\\Lop Anh Nam\\Gre Health - final project\\be-gre-health\\controllers\\FormController.js","statementMap":{"0":{"start":{"line":1,"column":23},"end":{"line":1,"column":64}},"1":{"start":{"line":3,"column":19},"end":{"line":63,"column":1}},"2":{"start":{"line":4,"column":2},"end":{"line":62,"column":3}},"3":{"start":{"line":18,"column":8},"end":{"line":18,"column":16}},"4":{"start":{"line":19,"column":4},"end":{"line":22,"column":6}},"5":{"start":{"line":24,"column":4},"end":{"line":37,"column":53}},"6":{"start":{"line":37,"column":6},"end":{"line":37,"column":53}},"7":{"start":{"line":39,"column":17},"end":{"line":54,"column":6}},"8":{"start":{"line":56,"column":4},"end":{"line":56,"column":38}},"9":{"start":{"line":58,"column":4},"end":{"line":61,"column":6}},"10":{"start":{"line":65,"column":20},"end":{"line":76,"column":1}},"11":{"start":{"line":66,"column":2},"end":{"line":75,"column":3}},"12":{"start":{"line":67,"column":18},"end":{"line":67,"column":55}},"13":{"start":{"line":69,"column":4},"end":{"line":69,"column":39}},"14":{"start":{"line":71,"column":4},"end":{"line":74,"column":6}},"15":{"start":{"line":78,"column":24},"end":{"line":95,"column":1}},"16":{"start":{"line":79,"column":2},"end":{"line":94,"column":3}},"17":{"start":{"line":80,"column":23},"end":{"line":80,"column":33}},"18":{"start":{"line":82,"column":4},"end":{"line":82,"column":57}},"19":{"start":{"line":82,"column":17},"end":{"line":82,"column":57}},"20":{"start":{"line":84,"column":17},"end":{"line":84,"column":71}},"21":{"start":{"line":86,"column":4},"end":{"line":86,"column":55}},"22":{"start":{"line":86,"column":15},"end":{"line":86,"column":55}},"23":{"start":{"line":88,"column":4},"end":{"line":88,"column":38}},"24":{"start":{"line":90,"column":4},"end":{"line":93,"column":6}},"25":{"start":{"line":96,"column":32},"end":{"line":110,"column":1}},"26":{"start":{"line":97,"column":2},"end":{"line":109,"column":3}},"27":{"start":{"line":98,"column":21},"end":{"line":98,"column":23}},"28":{"start":{"line":99,"column":18},"end":{"line":101,"column":6}},"29":{"start":{"line":103,"column":4},"end":{"line":103,"column":39}},"30":{"start":{"line":105,"column":4},"end":{"line":108,"column":6}},"31":{"start":{"line":112,"column":27},"end":{"line":126,"column":1}},"32":{"start":{"line":113,"column":2},"end":{"line":125,"column":3}},"33":{"start":{"line":114,"column":25},"end":{"line":114,"column":35}},"34":{"start":{"line":115,"column":18},"end":{"line":117,"column":6}},"35":{"start":{"line":119,"column":4},"end":{"line":119,"column":39}},"36":{"start":{"line":121,"column":4},"end":{"line":124,"column":6}},"37":{"start":{"line":128,"column":23},"end":{"line":146,"column":1}},"38":{"start":{"line":129,"column":2},"end":{"line":145,"column":3}},"39":{"start":{"line":130,"column":23},"end":{"line":130,"column":33}},"40":{"start":{"line":132,"column":4},"end":{"line":132,"column":57}},"41":{"start":{"line":132,"column":17},"end":{"line":132,"column":57}},"42":{"start":{"line":134,"column":17},"end":{"line":136,"column":6}},"43":{"start":{"line":137,"column":4},"end":{"line":137,"column":55}},"44":{"start":{"line":137,"column":15},"end":{"line":137,"column":55}},"45":{"start":{"line":139,"column":4},"end":{"line":139,"column":38}},"46":{"start":{"line":141,"column":4},"end":{"line":144,"column":6}},"47":{"start":{"line":148,"column":19},"end":{"line":176,"column":1}},"48":{"start":{"line":149,"column":2},"end":{"line":175,"column":3}},"49":{"start":{"line":150,"column":22},"end":{"line":150,"column":31}},"50":{"start":{"line":151,"column":36},"end":{"line":151,"column":45}},"51":{"start":{"line":152,"column":20},"end":{"line":155,"column":5}},"52":{"start":{"line":156,"column":23},"end":{"line":164,"column":5}},"53":{"start":{"line":165,"column":25},"end":{"line":168,"column":5}},"54":{"start":{"line":169,"column":4},"end":{"line":169,"column":46}},"55":{"start":{"line":171,"column":4},"end":{"line":174,"column":6}},"56":{"start":{"line":178,"column":30},"end":{"line":189,"column":1}},"57":{"start":{"line":179,"column":2},"end":{"line":188,"column":3}},"58":{"start":{"line":180,"column":23},"end":{"line":180,"column":31}},"59":{"start":{"line":181,"column":24},"end":{"line":181,"column":67}},"60":{"start":{"line":182,"column":4},"end":{"line":182,"column":45}},"61":{"start":{"line":184,"column":4},"end":{"line":187,"column":6}},"62":{"start":{"line":191,"column":0},"end":{"line":200,"column":2}}},"fnMap":{"0":{"name":"(anonymous_0)","decl":{"start":{"line":3,"column":19},"end":{"line":3,"column":20}},"loc":{"start":{"line":3,"column":39},"end":{"line":63,"column":1}},"line":3},"1":{"name":"(anonymous_1)","decl":{"start":{"line":65,"column":20},"end":{"line":65,"column":21}},"loc":{"start":{"line":65,"column":40},"end":{"line":76,"column":1}},"line":65},"2":{"name":"(anonymous_2)","decl":{"start":{"line":78,"column":24},"end":{"line":78,"column":25}},"loc":{"start":{"line":78,"column":44},"end":{"line":95,"column":1}},"line":78},"3":{"name":"(anonymous_3)","decl":{"start":{"line":96,"column":32},"end":{"line":96,"column":33}},"loc":{"start":{"line":96,"column":52},"end":{"line":110,"column":1}},"line":96},"4":{"name":"(anonymous_4)","decl":{"start":{"line":112,"column":27},"end":{"line":112,"column":28}},"loc":{"start":{"line":112,"column":47},"end":{"line":126,"column":1}},"line":112},"5":{"name":"(anonymous_5)","decl":{"start":{"line":128,"column":23},"end":{"line":128,"column":24}},"loc":{"start":{"line":128,"column":43},"end":{"line":146,"column":1}},"line":128},"6":{"name":"(anonymous_6)","decl":{"start":{"line":148,"column":19},"end":{"line":148,"column":20}},"loc":{"start":{"line":148,"column":39},"end":{"line":176,"column":1}},"line":148},"7":{"name":"(anonymous_7)","decl":{"start":{"line":178,"column":30},"end":{"line":178,"column":31}},"loc":{"start":{"line":178,"column":50},"end":{"line":189,"column":1}},"line":178}},"branchMap":{"0":{"loc":{"start":{"line":24,"column":4},"end":{"line":37,"column":53}},"type":"if","locations":[{"start":{"line":24,"column":4},"end":{"line":37,"column":53}},{"start":{},"end":{}}],"line":24},"1":{"loc":{"start":{"line":25,"column":6},"end":{"line":35,"column":18}},"type":"binary-expr","locations":[{"start":{"line":25,"column":6},"end":{"line":25,"column":15}},{"start":{"line":26,"column":6},"end":{"line":26,"column":13}},{"start":{"line":27,"column":6},"end":{"line":27,"column":13}},{"start":{"line":28,"column":6},"end":{"line":28,"column":18}},{"start":{"line":29,"column":6},"end":{"line":29,"column":14}},{"start":{"line":30,"column":6},"end":{"line":30,"column":14}},{"start":{"line":31,"column":6},"end":{"line":31,"column":12}},{"start":{"line":32,"column":6},"end":{"line":32,"column":13}},{"start":{"line":33,"column":6},"end":{"line":33,"column":25}},{"start":{"line":34,"column":6},"end":{"line":34,"column":22}},{"start":{"line":35,"column":6},"end":{"line":35,"column":18}}],"line":25},"2":{"loc":{"start":{"line":82,"column":4},"end":{"line":82,"column":57}},"type":"if","locations":[{"start":{"line":82,"column":4},"end":{"line":82,"column":57}},{"start":{},"end":{}}],"line":82},"3":{"loc":{"start":{"line":86,"column":4},"end":{"line":86,"column":55}},"type":"if","locations":[{"start":{"line":86,"column":4},"end":{"line":86,"column":55}},{"start":{},"end":{}}],"line":86},"4":{"loc":{"start":{"line":132,"column":4},"end":{"line":132,"column":57}},"type":"if","locations":[{"start":{"line":132,"column":4},"end":{"line":132,"column":57}},{"start":{},"end":{}}],"line":132},"5":{"loc":{"start":{"line":137,"column":4},"end":{"line":137,"column":55}},"type":"if","locations":[{"start":{"line":137,"column":4},"end":{"line":137,"column":55}},{"start":{},"end":{}}],"line":137},"6":{"loc":{"start":{"line":151,"column":12},"end":{"line":151,"column":20}},"type":"default-arg","locations":[{"start":{"line":151,"column":19},"end":{"line":151,"column":20}}],"line":151},"7":{"loc":{"start":{"line":151,"column":22},"end":{"line":151,"column":31}},"type":"default-arg","locations":[{"start":{"line":151,"column":30},"end":{"line":151,"column":31}}],"line":151}},"s":{"0":3,"1":3,"2":2,"3":2,"4":2,"5":2,"6":1,"7":1,"8":1,"9":0,"10":3,"11":1,"12":1,"13":1,"14":0,"15":3,"16":2,"17":2,"18":2,"19":0,"20":2,"21":2,"22":1,"23":1,"24":0,"25":3,"26":1,"27":1,"28":1,"29":1,"30":0,"31":3,"32":1,"33":1,"34":1,"35":1,"36":0,"37":3,"38":0,"39":0,"40":0,"41":0,"42":0,"43":0,"44":0,"45":0,"46":0,"47":3,"48":2,"49":2,"50":2,"51":2,"52":2,"53":2,"54":2,"55":0,"56":3,"57":1,"58":1,"59":1,"60":1,"61":0,"62":3},"f":{"0":2,"1":1,"2":2,"3":1,"4":1,"5":0,"6":2,"7":1},"b":{"0":[1,1],"1":[2,2,1,1,1,1,1,1,1,1,1],"2":[0,2],"3":[1,1],"4":[0,0],"5":[0,0],"6":[2],"7":[2]},"_coverageSchema":"1a1c01bbd47fc00a2c39e90264f33305004495a9","hash":"148cef884d409c479a5925857e4754dcf873302b"}
,"C:\\-----Tien Bao Hoc Hanh Cham Chi-----\\Lop Anh Nam\\Gre Health - final project\\be-gre-health\\controllers\\authController.js": {"path":"C:\\-----Tien Bao Hoc Hanh Cham Chi-----\\Lop Anh Nam\\Gre Health - final project\\be-gre-health\\controllers\\authController.js","statementMap":{"0":{"start":{"line":1,"column":23},"end":{"line":1,"column":64}},"1":{"start":{"line":2,"column":22},"end":{"line":2,"column":50}},"2":{"start":{"line":3,"column":34},"end":{"line":3,"column":62}},"3":{"start":{"line":4,"column":12},"end":{"line":4,"column":35}},"4":{"start":{"line":6,"column":17},"end":{"line":70,"column":1}},"5":{"start":{"line":7,"column":2},"end":{"line":69,"column":3}},"6":{"start":{"line":18,"column":8},"end":{"line":18,"column":16}},"7":{"start":{"line":19,"column":4},"end":{"line":22,"column":6}},"8":{"start":{"line":24,"column":4},"end":{"line":34,"column":51}},"9":{"start":{"line":34,"column":6},"end":{"line":34,"column":51}},"10":{"start":{"line":36,"column":17},"end":{"line":38,"column":6}},"11":{"start":{"line":39,"column":4},"end":{"line":42,"column":6}},"12":{"start":{"line":44,"column":4},"end":{"line":44,"column":59}},"13":{"start":{"line":44,"column":14},"end":{"line":44,"column":59}},"14":{"start":{"line":46,"column":27},"end":{"line":46,"column":47}},"15":{"start":{"line":48,"column":24},"end":{"line":58,"column":6}},"16":{"start":{"line":59,"column":4},"end":{"line":62,"column":6}},"17":{"start":{"line":64,"column":4},"end":{"line":64,"column":45}},"18":{"start":{"line":64,"column":22},"end":{"line":64,"column":45}},"19":{"start":{"line":66,"column":4},"end":{"line":66,"column":45}},"20":{"start":{"line":68,"column":4},"end":{"line":68,"column":76}},"21":{"start":{"line":72,"column":14},"end":{"line":103,"column":1}},"22":{"start":{"line":73,"column":30},"end":{"line":73,"column":38}},"23":{"start":{"line":75,"column":2},"end":{"line":75,"column":73}},"24":{"start":{"line":75,"column":27},"end":{"line":75,"column":73}},"25":{"start":{"line":77,"column":2},"end":{"line":102,"column":3}},"26":{"start":{"line":78,"column":17},"end":{"line":78,"column":65}},"27":{"start":{"line":80,"column":4},"end":{"line":80,"column":60}},"28":{"start":{"line":80,"column":15},"end":{"line":80,"column":60}},"29":{"start":{"line":82,"column":19},"end":{"line":82,"column":65}},"30":{"start":{"line":84,"column":4},"end":{"line":84,"column":58}},"31":{"start":{"line":84,"column":17},"end":{"line":84,"column":58}},"32":{"start":{"line":86,"column":20},"end":{"line":90,"column":5}},"33":{"start":{"line":92,"column":18},"end":{"line":92,"column":63}},"34":{"start":{"line":94,"column":4},"end":{"line":96,"column":77}},"35":{"start":{"line":98,"column":4},"end":{"line":101,"column":6}},"36":{"start":{"line":105,"column":26},"end":{"line":114,"column":1}},"37":{"start":{"line":106,"column":20},"end":{"line":106,"column":28}},"38":{"start":{"line":108,"column":2},"end":{"line":108,"column":54}},"39":{"start":{"line":108,"column":14},"end":{"line":108,"column":54}},"40":{"start":{"line":110,"column":22},"end":{"line":112,"column":4}},"41":{"start":{"line":113,"column":2},"end":{"line":113,"column":43}},"42":{"start":{"line":116,"column":23},"end":{"line":124,"column":1}},"43":{"start":{"line":117,"column":21},"end":{"line":117,"column":31}},"44":{"start":{"line":118,"column":2},"end":{"line":118,"column":55}},"45":{"start":{"line":118,"column":15},"end":{"line":118,"column":55}},"46":{"start":{"line":120,"column":22},"end":{"line":122,"column":4}},"47":{"start":{"line":123,"column":2},"end":{"line":123,"column":43}},"48":{"start":{"line":126,"column":20},"end":{"line":137,"column":1}},"49":{"start":{"line":127,"column":2},"end":{"line":136,"column":3}},"50":{"start":{"line":128,"column":18},"end":{"line":128,"column":62}},"51":{"start":{"line":130,"column":4},"end":{"line":130,"column":39}},"52":{"start":{"line":132,"column":4},"end":{"line":135,"column":6}},"53":{"start":{"line":139,"column":21},"end":{"line":161,"column":1}},"54":{"start":{"line":140,"column":2},"end":{"line":160,"column":3}},"55":{"start":{"line":141,"column":23},"end":{"line":141,"column":33}},"56":{"start":{"line":142,"column":4},"end":{"line":145,"column":6}},"57":{"start":{"line":147,"column":4},"end":{"line":147,"column":57}},"58":{"start":{"line":147,"column":17},"end":{"line":147,"column":57}},"59":{"start":{"line":149,"column":17},"end":{"line":149,"column":71}},"60":{"start":{"line":151,"column":4},"end":{"line":151,"column":55}},"61":{"start":{"line":151,"column":15},"end":{"line":151,"column":55}},"62":{"start":{"line":153,"column":4},"end":{"line":153,"column":38}},"63":{"start":{"line":155,"column":4},"end":{"line":158,"column":6}},"64":{"start":{"line":159,"column":4},"end":{"line":159,"column":39}},"65":{"start":{"line":163,"column":23},"end":{"line":206,"column":1}},"66":{"start":{"line":164,"column":2},"end":{"line":205,"column":3}},"67":{"start":{"line":165,"column":23},"end":{"line":165,"column":33}},"68":{"start":{"line":176,"column":8},"end":{"line":176,"column":16}},"69":{"start":{"line":178,"column":4},"end":{"line":178,"column":57}},"70":{"start":{"line":178,"column":17},"end":{"line":178,"column":57}},"71":{"start":{"line":180,"column":17},"end":{"line":182,"column":6}},"72":{"start":{"line":184,"column":4},"end":{"line":184,"column":59}},"73":{"start":{"line":184,"column":14},"end":{"line":184,"column":59}},"74":{"start":{"line":186,"column":27},"end":{"line":186,"column":47}},"75":{"start":{"line":188,"column":24},"end":{"line":198,"column":6}},"76":{"start":{"line":199,"column":4},"end":{"line":199,"column":45}},"77":{"start":{"line":201,"column":4},"end":{"line":204,"column":6}},"78":{"start":{"line":208,"column":29},"end":{"line":218,"column":1}},"79":{"start":{"line":209,"column":2},"end":{"line":217,"column":3}},"80":{"start":{"line":210,"column":20},"end":{"line":210,"column":75}},"81":{"start":{"line":211,"column":4},"end":{"line":211,"column":41}},"82":{"start":{"line":213,"column":4},"end":{"line":216,"column":6}},"83":{"start":{"line":220,"column":19},"end":{"line":245,"column":1}},"84":{"start":{"line":221,"column":2},"end":{"line":244,"column":3}},"85":{"start":{"line":222,"column":22},"end":{"line":222,"column":31}},"86":{"start":{"line":223,"column":36},"end":{"line":223,"column":45}},"87":{"start":{"line":224,"column":20},"end":{"line":227,"column":5}},"88":{"start":{"line":228,"column":23},"end":{"line":233,"column":5}},"89":{"start":{"line":234,"column":25},"end":{"line":237,"column":5}},"90":{"start":{"line":238,"column":4},"end":{"line":238,"column":46}},"91":{"start":{"line":240,"column":4},"end":{"line":243,"column":6}},"92":{"start":{"line":247,"column":0},"end":{"line":257,"column":2}}},"fnMap":{"0":{"name":"(anonymous_0)","decl":{"start":{"line":6,"column":17},"end":{"line":6,"column":18}},"loc":{"start":{"line":6,"column":37},"end":{"line":70,"column":1}},"line":6},"1":{"name":"(anonymous_1)","decl":{"start":{"line":72,"column":14},"end":{"line":72,"column":15}},"loc":{"start":{"line":72,"column":34},"end":{"line":103,"column":1}},"line":72},"2":{"name":"(anonymous_2)","decl":{"start":{"line":105,"column":26},"end":{"line":105,"column":27}},"loc":{"start":{"line":105,"column":46},"end":{"line":114,"column":1}},"line":105},"3":{"name":"(anonymous_3)","decl":{"start":{"line":116,"column":23},"end":{"line":116,"column":24}},"loc":{"start":{"line":116,"column":43},"end":{"line":124,"column":1}},"line":116},"4":{"name":"(anonymous_4)","decl":{"start":{"line":126,"column":20},"end":{"line":126,"column":21}},"loc":{"start":{"line":126,"column":40},"end":{"line":137,"column":1}},"line":126},"5":{"name":"(anonymous_5)","decl":{"start":{"line":139,"column":21},"end":{"line":139,"column":22}},"loc":{"start":{"line":139,"column":41},"end":{"line":161,"column":1}},"line":139},"6":{"name":"(anonymous_6)","decl":{"start":{"line":163,"column":23},"end":{"line":163,"column":24}},"loc":{"start":{"line":163,"column":43},"end":{"line":206,"column":1}},"line":163},"7":{"name":"(anonymous_7)","decl":{"start":{"line":208,"column":29},"end":{"line":208,"column":30}},"loc":{"start":{"line":208,"column":49},"end":{"line":218,"column":1}},"line":208},"8":{"name":"(anonymous_8)","decl":{"start":{"line":220,"column":19},"end":{"line":220,"column":20}},"loc":{"start":{"line":220,"column":39},"end":{"line":245,"column":1}},"line":220}},"branchMap":{"0":{"loc":{"start":{"line":11,"column":6},"end":{"line":11,"column":22}},"type":"default-arg","locations":[{"start":{"line":11,"column":13},"end":{"line":11,"column":22}}],"line":11},"1":{"loc":{"start":{"line":24,"column":4},"end":{"line":34,"column":51}},"type":"if","locations":[{"start":{"line":24,"column":4},"end":{"line":34,"column":51}},{"start":{},"end":{}}],"line":24},"2":{"loc":{"start":{"line":25,"column":6},"end":{"line":32,"column":15}},"type":"binary-expr","locations":[{"start":{"line":25,"column":6},"end":{"line":25,"column":12}},{"start":{"line":26,"column":6},"end":{"line":26,"column":15}},{"start":{"line":27,"column":6},"end":{"line":27,"column":11}},{"start":{"line":28,"column":6},"end":{"line":28,"column":14}},{"start":{"line":29,"column":6},"end":{"line":29,"column":14}},{"start":{"line":30,"column":6},"end":{"line":30,"column":18}},{"start":{"line":31,"column":6},"end":{"line":31,"column":13}},{"start":{"line":32,"column":6},"end":{"line":32,"column":15}}],"line":25},"3":{"loc":{"start":{"line":44,"column":4},"end":{"line":44,"column":59}},"type":"if","locations":[{"start":{"line":44,"column":4},"end":{"line":44,"column":59}},{"start":{},"end":{}}],"line":44},"4":{"loc":{"start":{"line":64,"column":4},"end":{"line":64,"column":45}},"type":"if","locations":[{"start":{"line":64,"column":4},"end":{"line":64,"column":45}},{"start":{},"end":{}}],"line":64},"5":{"loc":{"start":{"line":75,"column":2},"end":{"line":75,"column":73}},"type":"if","locations":[{"start":{"line":75,"column":2},"end":{"line":75,"column":73}},{"start":{},"end":{}}],"line":75},"6":{"loc":{"start":{"line":75,"column":6},"end":{"line":75,"column":25}},"type":"binary-expr","locations":[{"start":{"line":75,"column":6},"end":{"line":75,"column":12}},{"start":{"line":75,"column":16},"end":{"line":75,"column":25}}],"line":75},"7":{"loc":{"start":{"line":80,"column":4},"end":{"line":80,"column":60}},"type":"if","locations":[{"start":{"line":80,"column":4},"end":{"line":80,"column":60}},{"start":{},"end":{}}],"line":80},"8":{"loc":{"start":{"line":84,"column":4},"end":{"line":84,"column":58}},"type":"if","locations":[{"start":{"line":84,"column":4},"end":{"line":84,"column":58}},{"start":{},"end":{}}],"line":84},"9":{"loc":{"start":{"line":108,"column":2},"end":{"line":108,"column":54}},"type":"if","locations":[{"start":{"line":108,"column":2},"end":{"line":108,"column":54}},{"start":{},"end":{}}],"line":108},"10":{"loc":{"start":{"line":118,"column":2},"end":{"line":118,"column":55}},"type":"if","locations":[{"start":{"line":118,"column":2},"end":{"line":118,"column":55}},{"start":{},"end":{}}],"line":118},"11":{"loc":{"start":{"line":147,"column":4},"end":{"line":147,"column":57}},"type":"if","locations":[{"start":{"line":147,"column":4},"end":{"line":147,"column":57}},{"start":{},"end":{}}],"line":147},"12":{"loc":{"start":{"line":151,"column":4},"end":{"line":151,"column":55}},"type":"if","locations":[{"start":{"line":151,"column":4},"end":{"line":151,"column":55}},{"start":{},"end":{}}],"line":151},"13":{"loc":{"start":{"line":178,"column":4},"end":{"line":178,"column":57}},"type":"if","locations":[{"start":{"line":178,"column":4},"end":{"line":178,"column":57}},{"start":{},"end":{}}],"line":178},"14":{"loc":{"start":{"line":184,"column":4},"end":{"line":184,"column":59}},"type":"if","locations":[{"start":{"line":184,"column":4},"end":{"line":184,"column":59}},{"start":{},"end":{}}],"line":184},"15":{"loc":{"start":{"line":223,"column":12},"end":{"line":223,"column":20}},"type":"default-arg","locations":[{"start":{"line":223,"column":19},"end":{"line":223,"column":20}}],"line":223},"16":{"loc":{"start":{"line":223,"column":22},"end":{"line":223,"column":31}},"type":"default-arg","locations":[{"start":{"line":223,"column":30},"end":{"line":223,"column":31}}],"line":223}},"s":{"0":3,"1":3,"2":3,"3":3,"4":3,"5":2,"6":2,"7":2,"8":2,"9":0,"10":2,"11":2,"12":2,"13":1,"14":1,"15":1,"16":1,"17":1,"18":0,"19":1,"20":0,"21":3,"22":4,"23":4,"24":1,"25":3,"26":3,"27":3,"28":1,"29":2,"30":2,"31":1,"32":2,"33":2,"34":2,"35":1,"36":3,"37":1,"38":1,"39":0,"40":1,"41":1,"42":3,"43":0,"44":0,"45":0,"46":0,"47":0,"48":3,"49":1,"50":1,"51":1,"52":0,"53":3,"54":2,"55":2,"56":2,"57":2,"58":0,"59":2,"60":2,"61":1,"62":1,"63":0,"64":0,"65":3,"66":0,"67":0,"68":0,"69":0,"70":0,"71":0,"72":0,"73":0,"74":0,"75":0,"76":0,"77":0,"78":3,"79":1,"80":1,"81":1,"82":0,"83":3,"84":2,"85":2,"86":2,"87":2,"88":2,"89":2,"90":2,"91":0,"92":3},"f":{"0":2,"1":4,"2":1,"3":0,"4":1,"5":2,"6":0,"7":1,"8":2},"b":{"0":[0],"1":[0,2],"2":[2,2,2,2,2,2,2,2],"3":[1,1],"4":[0,1],"5":[1,3],"6":[4,4],"7":[1,2],"8":[1,1],"9":[0,1],"10":[0,0],"11":[0,2],"12":[1,1],"13":[0,0],"14":[0,0],"15":[2],"16":[2]},"_coverageSchema":"1a1c01bbd47fc00a2c39e90264f33305004495a9","hash":"68d1a01aa1898468b89dd7e42929902272bdf08c"}
,"C:\\-----Tien Bao Hoc Hanh Cham Chi-----\\Lop Anh Nam\\Gre Health - final project\\be-gre-health\\controllers\\mailController.js": {"path":"C:\\-----Tien Bao Hoc Hanh Cham Chi-----\\Lop Anh Nam\\Gre Health - final project\\be-gre-health\\controllers\\mailController.js","statementMap":{"0":{"start":{"line":1,"column":23},"end":{"line":1,"column":55}},"1":{"start":{"line":3,"column":17},"end":{"line":12,"column":1}},"2":{"start":{"line":4,"column":19},"end":{"line":9,"column":3}},"3":{"start":{"line":10,"column":2},"end":{"line":10,"column":23}},"4":{"start":{"line":11,"column":2},"end":{"line":11,"column":41}},"5":{"start":{"line":14,"column":0},"end":{"line":14,"column":30}}},"fnMap":{"0":{"name":"(anonymous_0)","decl":{"start":{"line":3,"column":17},"end":{"line":3,"column":18}},"loc":{"start":{"line":3,"column":37},"end":{"line":12,"column":1}},"line":3}},"branchMap":{},"s":{"0":3,"1":3,"2":0,"3":0,"4":0,"5":3},"f":{"0":0},"b":{},"_coverageSchema":"1a1c01bbd47fc00a2c39e90264f33305004495a9","hash":"4f8a646b96742642f66eaa357702de4ac977e0f7"}
,"C:\\-----Tien Bao Hoc Hanh Cham Chi-----\\Lop Anh Nam\\Gre Health - final project\\be-gre-health\\controllers\\recordController.js": {"path":"C:\\-----Tien Bao Hoc Hanh Cham Chi-----\\Lop Anh Nam\\Gre Health - final project\\be-gre-health\\controllers\\recordController.js","statementMap":{"0":{"start":{"line":1,"column":25},"end":{"line":1,"column":68}},"1":{"start":{"line":3,"column":21},"end":{"line":66,"column":1}},"2":{"start":{"line":4,"column":2},"end":{"line":65,"column":3}},"3":{"start":{"line":21,"column":8},"end":{"line":21,"column":16}},"4":{"start":{"line":23,"column":4},"end":{"line":39,"column":53}},"5":{"start":{"line":39,"column":6},"end":{"line":39,"column":53}},"6":{"start":{"line":41,"column":19},"end":{"line":57,"column":6}},"7":{"start":{"line":59,"column":4},"end":{"line":59,"column":40}},"8":{"start":{"line":61,"column":4},"end":{"line":64,"column":6}},"9":{"start":{"line":68,"column":22},"end":{"line":78,"column":1}},"10":{"start":{"line":69,"column":2},"end":{"line":77,"column":3}},"11":{"start":{"line":70,"column":20},"end":{"line":70,"column":61}},"12":{"start":{"line":71,"column":4},"end":{"line":71,"column":41}},"13":{"start":{"line":73,"column":4},"end":{"line":76,"column":6}},"14":{"start":{"line":80,"column":28},"end":{"line":97,"column":1}},"15":{"start":{"line":81,"column":2},"end":{"line":96,"column":3}},"16":{"start":{"line":82,"column":25},"end":{"line":82,"column":35}},"17":{"start":{"line":84,"column":4},"end":{"line":84,"column":59}},"18":{"start":{"line":84,"column":19},"end":{"line":84,"column":59}},"19":{"start":{"line":86,"column":19},"end":{"line":86,"column":79}},"20":{"start":{"line":88,"column":4},"end":{"line":88,"column":57}},"21":{"start":{"line":88,"column":17},"end":{"line":88,"column":57}},"22":{"start":{"line":90,"column":4},"end":{"line":90,"column":40}},"23":{"start":{"line":92,"column":4},"end":{"line":95,"column":6}},"24":{"start":{"line":99,"column":28},"end":{"line":115,"column":1}},"25":{"start":{"line":100,"column":2},"end":{"line":114,"column":3}},"26":{"start":{"line":101,"column":25},"end":{"line":101,"column":35}},"27":{"start":{"line":102,"column":4},"end":{"line":102,"column":59}},"28":{"start":{"line":102,"column":19},"end":{"line":102,"column":59}},"29":{"start":{"line":104,"column":20},"end":{"line":104,"column":79}},"30":{"start":{"line":106,"column":4},"end":{"line":106,"column":58}},"31":{"start":{"line":106,"column":18},"end":{"line":106,"column":58}},"32":{"start":{"line":108,"column":4},"end":{"line":108,"column":41}},"33":{"start":{"line":110,"column":4},"end":{"line":113,"column":6}},"34":{"start":{"line":117,"column":26},"end":{"line":133,"column":1}},"35":{"start":{"line":118,"column":2},"end":{"line":132,"column":3}},"36":{"start":{"line":119,"column":23},"end":{"line":119,"column":33}},"37":{"start":{"line":120,"column":4},"end":{"line":120,"column":57}},"38":{"start":{"line":120,"column":17},"end":{"line":120,"column":57}},"39":{"start":{"line":122,"column":20},"end":{"line":122,"column":77}},"40":{"start":{"line":124,"column":4},"end":{"line":124,"column":58}},"41":{"start":{"line":124,"column":18},"end":{"line":124,"column":58}},"42":{"start":{"line":126,"column":4},"end":{"line":126,"column":41}},"43":{"start":{"line":128,"column":4},"end":{"line":131,"column":6}},"44":{"start":{"line":135,"column":21},"end":{"line":164,"column":1}},"45":{"start":{"line":136,"column":2},"end":{"line":163,"column":3}},"46":{"start":{"line":137,"column":22},"end":{"line":137,"column":31}},"47":{"start":{"line":138,"column":36},"end":{"line":138,"column":45}},"48":{"start":{"line":139,"column":20},"end":{"line":142,"column":5}},"49":{"start":{"line":143,"column":23},"end":{"line":152,"column":5}},"50":{"start":{"line":153,"column":27},"end":{"line":156,"column":5}},"51":{"start":{"line":157,"column":4},"end":{"line":157,"column":48}},"52":{"start":{"line":159,"column":4},"end":{"line":162,"column":6}},"53":{"start":{"line":166,"column":32},"end":{"line":177,"column":1}},"54":{"start":{"line":167,"column":2},"end":{"line":176,"column":3}},"55":{"start":{"line":168,"column":23},"end":{"line":168,"column":31}},"56":{"start":{"line":169,"column":26},"end":{"line":169,"column":73}},"57":{"start":{"line":170,"column":4},"end":{"line":170,"column":47}},"58":{"start":{"line":172,"column":4},"end":{"line":175,"column":6}},"59":{"start":{"line":179,"column":0},"end":{"line":187,"column":2}}},"fnMap":{"0":{"name":"(anonymous_0)","decl":{"start":{"line":3,"column":21},"end":{"line":3,"column":22}},"loc":{"start":{"line":3,"column":41},"end":{"line":66,"column":1}},"line":3},"1":{"name":"(anonymous_1)","decl":{"start":{"line":68,"column":22},"end":{"line":68,"column":23}},"loc":{"start":{"line":68,"column":42},"end":{"line":78,"column":1}},"line":68},"2":{"name":"(anonymous_2)","decl":{"start":{"line":80,"column":28},"end":{"line":80,"column":29}},"loc":{"start":{"line":80,"column":48},"end":{"line":97,"column":1}},"line":80},"3":{"name":"(anonymous_3)","decl":{"start":{"line":99,"column":28},"end":{"line":99,"column":29}},"loc":{"start":{"line":99,"column":48},"end":{"line":115,"column":1}},"line":99},"4":{"name":"(anonymous_4)","decl":{"start":{"line":117,"column":26},"end":{"line":117,"column":27}},"loc":{"start":{"line":117,"column":46},"end":{"line":133,"column":1}},"line":117},"5":{"name":"(anonymous_5)","decl":{"start":{"line":135,"column":21},"end":{"line":135,"column":22}},"loc":{"start":{"line":135,"column":41},"end":{"line":164,"column":1}},"line":135},"6":{"name":"(anonymous_6)","decl":{"start":{"line":166,"column":32},"end":{"line":166,"column":33}},"loc":{"start":{"line":166,"column":52},"end":{"line":177,"column":1}},"line":166}},"branchMap":{"0":{"loc":{"start":{"line":23,"column":4},"end":{"line":39,"column":53}},"type":"if","locations":[{"start":{"line":23,"column":4},"end":{"line":39,"column":53}},{"start":{},"end":{}}],"line":23},"1":{"loc":{"start":{"line":24,"column":6},"end":{"line":37,"column":13}},"type":"binary-expr","locations":[{"start":{"line":24,"column":6},"end":{"line":24,"column":17}},{"start":{"line":25,"column":6},"end":{"line":25,"column":18}},{"start":{"line":26,"column":6},"end":{"line":26,"column":20}},{"start":{"line":27,"column":6},"end":{"line":27,"column":20}},{"start":{"line":28,"column":6},"end":{"line":28,"column":15}},{"start":{"line":29,"column":6},"end":{"line":29,"column":17}},{"start":{"line":30,"column":6},"end":{"line":30,"column":22}},{"start":{"line":31,"column":6},"end":{"line":31,"column":18}},{"start":{"line":32,"column":6},"end":{"line":32,"column":18}},{"start":{"line":33,"column":6},"end":{"line":33,"column":18}},{"start":{"line":34,"column":6},"end":{"line":34,"column":20}},{"start":{"line":35,"column":6},"end":{"line":35,"column":20}},{"start":{"line":36,"column":6},"end":{"line":36,"column":15}},{"start":{"line":37,"column":6},"end":{"line":37,"column":13}}],"line":24},"2":{"loc":{"start":{"line":84,"column":4},"end":{"line":84,"column":59}},"type":"if","locations":[{"start":{"line":84,"column":4},"end":{"line":84,"column":59}},{"start":{},"end":{}}],"line":84},"3":{"loc":{"start":{"line":88,"column":4},"end":{"line":88,"column":57}},"type":"if","locations":[{"start":{"line":88,"column":4},"end":{"line":88,"column":57}},{"start":{},"end":{}}],"line":88},"4":{"loc":{"start":{"line":102,"column":4},"end":{"line":102,"column":59}},"type":"if","locations":[{"start":{"line":102,"column":4},"end":{"line":102,"column":59}},{"start":{},"end":{}}],"line":102},"5":{"loc":{"start":{"line":106,"column":4},"end":{"line":106,"column":58}},"type":"if","locations":[{"start":{"line":106,"column":4},"end":{"line":106,"column":58}},{"start":{},"end":{}}],"line":106},"6":{"loc":{"start":{"line":120,"column":4},"end":{"line":120,"column":57}},"type":"if","locations":[{"start":{"line":120,"column":4},"end":{"line":120,"column":57}},{"start":{},"end":{}}],"line":120},"7":{"loc":{"start":{"line":124,"column":4},"end":{"line":124,"column":58}},"type":"if","locations":[{"start":{"line":124,"column":4},"end":{"line":124,"column":58}},{"start":{},"end":{}}],"line":124},"8":{"loc":{"start":{"line":138,"column":12},"end":{"line":138,"column":20}},"type":"default-arg","locations":[{"start":{"line":138,"column":19},"end":{"line":138,"column":20}}],"line":138},"9":{"loc":{"start":{"line":138,"column":22},"end":{"line":138,"column":31}},"type":"default-arg","locations":[{"start":{"line":138,"column":30},"end":{"line":138,"column":31}}],"line":138}},"s":{"0":3,"1":3,"2":2,"3":2,"4":2,"5":1,"6":1,"7":1,"8":0,"9":3,"10":1,"11":1,"12":1,"13":0,"14":3,"15":2,"16":2,"17":2,"18":0,"19":2,"20":2,"21":1,"22":1,"23":0,"24":3,"25":1,"26":1,"27":1,"28":0,"29":1,"30":1,"31":0,"32":1,"33":0,"34":3,"35":0,"36":0,"37":0,"38":0,"39":0,"40":0,"41":0,"42":0,"43":0,"44":3,"45":2,"46":2,"47":2,"48":2,"49":2,"50":2,"51":2,"52":0,"53":3,"54":1,"55":1,"56":1,"57":1,"58":0,"59":3},"f":{"0":2,"1":1,"2":2,"3":1,"4":0,"5":2,"6":1},"b":{"0":[1,1],"1":[2,2,1,1,1,1,1,1,1,1,1,1,1,1],"2":[0,2],"3":[1,1],"4":[0,1],"5":[0,1],"6":[0,0],"7":[0,0],"8":[2],"9":[2]},"_coverageSchema":"1a1c01bbd47fc00a2c39e90264f33305004495a9","hash":"dc92fd5453ccdee5e50f31761d800d9a469b8b2a"}
,"C:\\-----Tien Bao Hoc Hanh Cham Chi-----\\Lop Anh Nam\\Gre Health - final project\\be-gre-health\\databases\\connect.js": {"path":"C:\\-----Tien Bao Hoc Hanh Cham Chi-----\\Lop Anh Nam\\Gre Health - final project\\be-gre-health\\databases\\connect.js","statementMap":{"0":{"start":{"line":1,"column":0},"end":{"line":1,"column":27}},"1":{"start":{"line":2,"column":17},"end":{"line":2,"column":36}},"2":{"start":{"line":4,"column":18},"end":{"line":15,"column":1}},"3":{"start":{"line":5,"column":2},"end":{"line":14,"column":3}},"4":{"start":{"line":7,"column":4},"end":{"line":10,"column":7}},"5":{"start":{"line":11,"column":4},"end":{"line":11,"column":50}},"6":{"start":{"line":13,"column":4},"end":{"line":13,"column":76}},"7":{"start":{"line":17,"column":21},"end":{"line":27,"column":1}},"8":{"start":{"line":18,"column":2},"end":{"line":26,"column":3}},"9":{"start":{"line":20,"column":4},"end":{"line":20,"column":38}},"10":{"start":{"line":22,"column":4},"end":{"line":25,"column":6}},"11":{"start":{"line":29,"column":0},"end":{"line":29,"column":45}}},"fnMap":{"0":{"name":"(anonymous_0)","decl":{"start":{"line":4,"column":18},"end":{"line":4,"column":19}},"loc":{"start":{"line":4,"column":30},"end":{"line":15,"column":1}},"line":4},"1":{"name":"(anonymous_1)","decl":{"start":{"line":17,"column":21},"end":{"line":17,"column":22}},"loc":{"start":{"line":17,"column":33},"end":{"line":27,"column":1}},"line":17}},"branchMap":{},"s":{"0":6,"1":6,"2":6,"3":9,"4":9,"5":9,"6":0,"7":6,"8":6,"9":6,"10":0,"11":6},"f":{"0":9,"1":6},"b":{},"_coverageSchema":"1a1c01bbd47fc00a2c39e90264f33305004495a9","hash":"2374efe35a9a41bef9b15b7d9f9e0ba27218ea24"}
,"C:\\-----Tien Bao Hoc Hanh Cham Chi-----\\Lop Anh Nam\\Gre Health - final project\\be-gre-health\\databases\\models\\ExaminationFormModel.js": {"path":"C:\\-----Tien Bao Hoc Hanh Cham Chi-----\\Lop Anh Nam\\Gre Health - final project\\be-gre-health\\databases\\models\\ExaminationFormModel.js","statementMap":{"0":{"start":{"line":1,"column":17},"end":{"line":1,"column":36}},"1":{"start":{"line":2,"column":19},"end":{"line":2,"column":27}},"2":{"start":{"line":3,"column":25},"end":{"line":3,"column":56}},"3":{"start":{"line":5,"column":30},"end":{"line":25,"column":1}},"4":{"start":{"line":27,"column":0},"end":{"line":27,"column":47}},"5":{"start":{"line":29,"column":24},"end":{"line":32,"column":1}},"6":{"start":{"line":34,"column":0},"end":{"line":34,"column":33}}},"fnMap":{},"branchMap":{},"s":{"0":4,"1":4,"2":4,"3":4,"4":4,"5":4,"6":4},"f":{},"b":{},"_coverageSchema":"1a1c01bbd47fc00a2c39e90264f33305004495a9","hash":"bec86cd13968243ef852e15c94c32fe618a5c21c"}
,"C:\\-----Tien Bao Hoc Hanh Cham Chi-----\\Lop Anh Nam\\Gre Health - final project\\be-gre-health\\databases\\models\\RecordModel.js": {"path":"C:\\-----Tien Bao Hoc Hanh Cham Chi-----\\Lop Anh Nam\\Gre Health - final project\\be-gre-health\\databases\\models\\RecordModel.js","statementMap":{"0":{"start":{"line":1,"column":17},"end":{"line":1,"column":36}},"1":{"start":{"line":2,"column":19},"end":{"line":2,"column":27}},"2":{"start":{"line":3,"column":25},"end":{"line":3,"column":56}},"3":{"start":{"line":5,"column":21},"end":{"line":25,"column":1}},"4":{"start":{"line":27,"column":0},"end":{"line":27,"column":38}},"5":{"start":{"line":29,"column":15},"end":{"line":29,"column":53}},"6":{"start":{"line":31,"column":0},"end":{"line":31,"column":24}}},"fnMap":{},"branchMap":{},"s":{"0":4,"1":4,"2":4,"3":4,"4":4,"5":4,"6":4},"f":{},"b":{},"_coverageSchema":"1a1c01bbd47fc00a2c39e90264f33305004495a9","hash":"38797a42ee81362455ab15d443057c832532e6a8"}
,"C:\\-----Tien Bao Hoc Hanh Cham Chi-----\\Lop Anh Nam\\Gre Health - final project\\be-gre-health\\databases\\models\\UserModel.js": {"path":"C:\\-----Tien Bao Hoc Hanh Cham Chi-----\\Lop Anh Nam\\Gre Health - final project\\be-gre-health\\databases\\models\\UserModel.js","statementMap":{"0":{"start":{"line":1,"column":17},"end":{"line":1,"column":36}},"1":{"start":{"line":2,"column":19},"end":{"line":2,"column":27}},"2":{"start":{"line":4,"column":25},"end":{"line":4,"column":56}},"3":{"start":{"line":12,"column":4},"end":{"line":12,"column":35}},"4":{"start":{"line":14,"column":19},"end":{"line":41,"column":1}},"5":{"start":{"line":43,"column":0},"end":{"line":43,"column":36}},"6":{"start":{"line":45,"column":13},"end":{"line":45,"column":47}},"7":{"start":{"line":47,"column":0},"end":{"line":47,"column":22}}},"fnMap":{},"branchMap":{},"s":{"0":4,"1":4,"2":4,"3":4,"4":4,"5":4,"6":4,"7":4},"f":{},"b":{},"_coverageSchema":"1a1c01bbd47fc00a2c39e90264f33305004495a9","hash":"2da3e3255ad78e98188d3a271e9915b1c6208e86"}
,"C:\\-----Tien Bao Hoc Hanh Cham Chi-----\\Lop Anh Nam\\Gre Health - final project\\be-gre-health\\helpers\\bcrypt.js": {"path":"C:\\-----Tien Bao Hoc Hanh Cham Chi-----\\Lop Anh Nam\\Gre Health - final project\\be-gre-health\\helpers\\bcrypt.js","statementMap":{"0":{"start":{"line":1,"column":15},"end":{"line":1,"column":32}},"1":{"start":{"line":3,"column":13},"end":{"line":10,"column":1}},"2":{"start":{"line":4,"column":2},"end":{"line":9,"column":3}},"3":{"start":{"line":5,"column":23},"end":{"line":5,"column":50}},"4":{"start":{"line":6,"column":4},"end":{"line":6,"column":22}},"5":{"start":{"line":8,"column":4},"end":{"line":8,"column":71}},"6":{"start":{"line":12,"column":24},"end":{"line":15,"column":1}},"7":{"start":{"line":13,"column":26},"end":{"line":13,"column":67}},"8":{"start":{"line":14,"column":2},"end":{"line":14,"column":25}},"9":{"start":{"line":17,"column":0},"end":{"line":17,"column":43}}},"fnMap":{"0":{"name":"(anonymous_0)","decl":{"start":{"line":3,"column":13},"end":{"line":3,"column":14}},"loc":{"start":{"line":3,"column":29},"end":{"line":10,"column":1}},"line":3},"1":{"name":"(anonymous_1)","decl":{"start":{"line":12,"column":24},"end":{"line":12,"column":25}},"loc":{"start":{"line":12,"column":55},"end":{"line":15,"column":1}},"line":12}},"branchMap":{},"s":{"0":3,"1":3,"2":1,"3":1,"4":1,"5":0,"6":3,"7":2,"8":2,"9":3},"f":{"0":1,"1":2},"b":{},"_coverageSchema":"1a1c01bbd47fc00a2c39e90264f33305004495a9","hash":"0f742c17ac02822a29ade85822eeffe13f44c702"}
,"C:\\-----Tien Bao Hoc Hanh Cham Chi-----\\Lop Anh Nam\\Gre Health - final project\\be-gre-health\\helpers\\mailSender.js": {"path":"C:\\-----Tien Bao Hoc Hanh Cham Chi-----\\Lop Anh Nam\\Gre Health - final project\\be-gre-health\\helpers\\mailSender.js","statementMap":{"0":{"start":{"line":1,"column":19},"end":{"line":1,"column":40}},"1":{"start":{"line":2,"column":0},"end":{"line":2,"column":27}},"2":{"start":{"line":4,"column":19},"end":{"line":28,"column":1}},"3":{"start":{"line":5,"column":47},"end":{"line":5,"column":55}},"4":{"start":{"line":7,"column":2},"end":{"line":27,"column":3}},"5":{"start":{"line":8,"column":24},"end":{"line":14,"column":6}},"6":{"start":{"line":17,"column":15},"end":{"line":23,"column":6}},"7":{"start":{"line":24,"column":4},"end":{"line":24,"column":80}},"8":{"start":{"line":26,"column":4},"end":{"line":26,"column":74}},"9":{"start":{"line":30,"column":0},"end":{"line":32,"column":2}}},"fnMap":{"0":{"name":"(anonymous_0)","decl":{"start":{"line":4,"column":19},"end":{"line":4,"column":20}},"loc":{"start":{"line":4,"column":39},"end":{"line":28,"column":1}},"line":4}},"branchMap":{},"s":{"0":3,"1":3,"2":3,"3":0,"4":0,"5":0,"6":0,"7":0,"8":0,"9":3},"f":{"0":0},"b":{},"_coverageSchema":"1a1c01bbd47fc00a2c39e90264f33305004495a9","hash":"1f52ac742cb7f237bca3eeee32b649a053918f9c"}
,"C:\\-----Tien Bao Hoc Hanh Cham Chi-----\\Lop Anh Nam\\Gre Health - final project\\be-gre-health\\middlewares\\auth.js": {"path":"C:\\-----Tien Bao Hoc Hanh Cham Chi-----\\Lop Anh Nam\\Gre Health - final project\\be-gre-health\\middlewares\\auth.js","statementMap":{"0":{"start":{"line":1,"column":12},"end":{"line":1,"column":35}},"1":{"start":{"line":3,"column":19},"end":{"line":22,"column":1}},"2":{"start":{"line":4,"column":2},"end":{"line":21,"column":3}},"3":{"start":{"line":5,"column":18},"end":{"line":5,"column":63}},"4":{"start":{"line":7,"column":4},"end":{"line":7,"column":61}},"5":{"start":{"line":7,"column":16},"end":{"line":7,"column":61}},"6":{"start":{"line":9,"column":26},"end":{"line":9,"column":71}},"7":{"start":{"line":11,"column":4},"end":{"line":11,"column":69}},"8":{"start":{"line":11,"column":24},"end":{"line":11,"column":69}},"9":{"start":{"line":13,"column":4},"end":{"line":13,"column":34}},"10":{"start":{"line":14,"column":4},"end":{"line":14,"column":40}},"11":{"start":{"line":15,"column":4},"end":{"line":15,"column":38}},"12":{"start":{"line":17,"column":4},"end":{"line":17,"column":18}},"13":{"start":{"line":19,"column":4},"end":{"line":19,"column":76}},"14":{"start":{"line":20,"column":4},"end":{"line":20,"column":16}},"15":{"start":{"line":24,"column":0},"end":{"line":24,"column":32}}},"fnMap":{"0":{"name":"(anonymous_0)","decl":{"start":{"line":3,"column":19},"end":{"line":3,"column":20}},"loc":{"start":{"line":3,"column":39},"end":{"line":22,"column":1}},"line":3}},"branchMap":{"0":{"loc":{"start":{"line":5,"column":18},"end":{"line":5,"column":63}},"type":"binary-expr","locations":[{"start":{"line":5,"column":18},"end":{"line":5,"column":42}},{"start":{"line":5,"column":46},"end":{"line":5,"column":63}}],"line":5},"1":{"loc":{"start":{"line":7,"column":4},"end":{"line":7,"column":61}},"type":"if","locations":[{"start":{"line":7,"column":4},"end":{"line":7,"column":61}},{"start":{},"end":{}}],"line":7},"2":{"loc":{"start":{"line":11,"column":4},"end":{"line":11,"column":69}},"type":"if","locations":[{"start":{"line":11,"column":4},"end":{"line":11,"column":69}},{"start":{},"end":{}}],"line":11}},"s":{"0":3,"1":3,"2":0,"3":0,"4":0,"5":0,"6":0,"7":0,"8":0,"9":0,"10":0,"11":0,"12":0,"13":0,"14":0,"15":3},"f":{"0":0},"b":{"0":[0,0],"1":[0,0],"2":[0,0]},"_coverageSchema":"1a1c01bbd47fc00a2c39e90264f33305004495a9","hash":"ce4d058de1196ca65f2be672745df1186144adc8"}
,"C:\\-----Tien Bao Hoc Hanh Cham Chi-----\\Lop Anh Nam\\Gre Health - final project\\be-gre-health\\repositories\\authRepository.js": {"path":"C:\\-----Tien Bao Hoc Hanh Cham Chi-----\\Lop Anh Nam\\Gre Health - final project\\be-gre-health\\repositories\\authRepository.js","statementMap":{"0":{"start":{"line":1,"column":13},"end":{"line":1,"column":53}},"1":{"start":{"line":3,"column":19},"end":{"line":30,"column":1}},"2":{"start":{"line":14,"column":2},"end":{"line":29,"column":3}},"3":{"start":{"line":15,"column":24},"end":{"line":25,"column":6}},"4":{"start":{"line":26,"column":4},"end":{"line":26,"column":23}},"5":{"start":{"line":28,"column":4},"end":{"line":28,"column":73}},"6":{"start":{"line":31,"column":25},"end":{"line":41,"column":1}},"7":{"start":{"line":32,"column":2},"end":{"line":40,"column":3}},"8":{"start":{"line":33,"column":17},"end":{"line":33,"column":43}},"9":{"start":{"line":34,"column":4},"end":{"line":34,"column":16}},"10":{"start":{"line":36,"column":4},"end":{"line":39,"column":6}},"11":{"start":{"line":42,"column":28},"end":{"line":52,"column":1}},"12":{"start":{"line":43,"column":2},"end":{"line":51,"column":3}},"13":{"start":{"line":44,"column":18},"end":{"line":44,"column":44}},"14":{"start":{"line":45,"column":4},"end":{"line":45,"column":17}},"15":{"start":{"line":47,"column":4},"end":{"line":50,"column":6}},"16":{"start":{"line":54,"column":19},"end":{"line":64,"column":1}},"17":{"start":{"line":55,"column":2},"end":{"line":63,"column":3}},"18":{"start":{"line":56,"column":24},"end":{"line":56,"column":66}},"19":{"start":{"line":57,"column":4},"end":{"line":57,"column":23}},"20":{"start":{"line":59,"column":4},"end":{"line":62,"column":6}},"21":{"start":{"line":66,"column":23},"end":{"line":76,"column":1}},"22":{"start":{"line":67,"column":2},"end":{"line":75,"column":3}},"23":{"start":{"line":68,"column":18},"end":{"line":68,"column":39}},"24":{"start":{"line":69,"column":4},"end":{"line":69,"column":17}},"25":{"start":{"line":71,"column":4},"end":{"line":74,"column":6}},"26":{"start":{"line":77,"column":27},"end":{"line":87,"column":1}},"27":{"start":{"line":78,"column":2},"end":{"line":86,"column":3}},"28":{"start":{"line":79,"column":24},"end":{"line":79,"column":52}},"29":{"start":{"line":80,"column":4},"end":{"line":80,"column":23}},"30":{"start":{"line":82,"column":4},"end":{"line":85,"column":6}},"31":{"start":{"line":88,"column":30},"end":{"line":98,"column":1}},"32":{"start":{"line":89,"column":2},"end":{"line":97,"column":3}},"33":{"start":{"line":90,"column":24},"end":{"line":90,"column":63}},"34":{"start":{"line":91,"column":4},"end":{"line":91,"column":23}},"35":{"start":{"line":93,"column":4},"end":{"line":96,"column":6}},"36":{"start":{"line":99,"column":0},"end":{"line":107,"column":2}}},"fnMap":{"0":{"name":"(anonymous_0)","decl":{"start":{"line":3,"column":19},"end":{"line":3,"column":20}},"loc":{"start":{"line":13,"column":6},"end":{"line":30,"column":1}},"line":13},"1":{"name":"(anonymous_1)","decl":{"start":{"line":31,"column":25},"end":{"line":31,"column":26}},"loc":{"start":{"line":31,"column":43},"end":{"line":41,"column":1}},"line":31},"2":{"name":"(anonymous_2)","decl":{"start":{"line":42,"column":28},"end":{"line":42,"column":29}},"loc":{"start":{"line":42,"column":49},"end":{"line":52,"column":1}},"line":42},"3":{"name":"(anonymous_3)","decl":{"start":{"line":54,"column":19},"end":{"line":54,"column":20}},"loc":{"start":{"line":54,"column":43},"end":{"line":64,"column":1}},"line":54},"4":{"name":"(anonymous_4)","decl":{"start":{"line":66,"column":23},"end":{"line":66,"column":24}},"loc":{"start":{"line":66,"column":39},"end":{"line":76,"column":1}},"line":66},"5":{"name":"(anonymous_5)","decl":{"start":{"line":77,"column":27},"end":{"line":77,"column":28}},"loc":{"start":{"line":77,"column":45},"end":{"line":87,"column":1}},"line":77},"6":{"name":"(anonymous_6)","decl":{"start":{"line":88,"column":30},"end":{"line":88,"column":31}},"loc":{"start":{"line":88,"column":51},"end":{"line":98,"column":1}},"line":88}},"branchMap":{},"s":{"0":4,"1":4,"2":1,"3":1,"4":1,"5":0,"6":4,"7":8,"8":8,"9":8,"10":0,"11":4,"12":4,"13":4,"14":4,"15":0,"16":4,"17":0,"18":0,"19":0,"20":0,"21":4,"22":2,"23":2,"24":2,"25":0,"26":4,"27":1,"28":1,"29":1,"30":0,"31":4,"32":0,"33":0,"34":0,"35":0,"36":4},"f":{"0":1,"1":8,"2":4,"3":0,"4":2,"5":1,"6":0},"b":{},"_coverageSchema":"1a1c01bbd47fc00a2c39e90264f33305004495a9","hash":"9466453a0b6378aa0a53f36877d2cb41264ef1fd"}
,"C:\\-----Tien Bao Hoc Hanh Cham Chi-----\\Lop Anh Nam\\Gre Health - final project\\be-gre-health\\repositories\\formRepository.js": {"path":"C:\\-----Tien Bao Hoc Hanh Cham Chi-----\\Lop Anh Nam\\Gre Health - final project\\be-gre-health\\repositories\\formRepository.js","statementMap":{"0":{"start":{"line":1,"column":24},"end":{"line":1,"column":75}},"1":{"start":{"line":3,"column":19},"end":{"line":40,"column":1}},"2":{"start":{"line":19,"column":2},"end":{"line":39,"column":3}},"3":{"start":{"line":20,"column":24},"end":{"line":35,"column":6}},"4":{"start":{"line":36,"column":4},"end":{"line":36,"column":23}},"5":{"start":{"line":38,"column":4},"end":{"line":38,"column":73}},"6":{"start":{"line":42,"column":21},"end":{"line":52,"column":1}},"7":{"start":{"line":43,"column":2},"end":{"line":51,"column":3}},"8":{"start":{"line":44,"column":18},"end":{"line":44,"column":55}},"9":{"start":{"line":45,"column":4},"end":{"line":45,"column":17}},"10":{"start":{"line":47,"column":4},"end":{"line":50,"column":6}},"11":{"start":{"line":54,"column":25},"end":{"line":64,"column":1}},"12":{"start":{"line":55,"column":2},"end":{"line":63,"column":3}},"13":{"start":{"line":56,"column":17},"end":{"line":56,"column":54}},"14":{"start":{"line":57,"column":4},"end":{"line":57,"column":16}},"15":{"start":{"line":59,"column":4},"end":{"line":62,"column":6}},"16":{"start":{"line":66,"column":29},"end":{"line":76,"column":1}},"17":{"start":{"line":67,"column":2},"end":{"line":75,"column":3}},"18":{"start":{"line":68,"column":18},"end":{"line":68,"column":55}},"19":{"start":{"line":69,"column":4},"end":{"line":69,"column":17}},"20":{"start":{"line":71,"column":4},"end":{"line":74,"column":6}},"21":{"start":{"line":78,"column":19},"end":{"line":88,"column":1}},"22":{"start":{"line":79,"column":2},"end":{"line":87,"column":3}},"23":{"start":{"line":80,"column":24},"end":{"line":80,"column":77}},"24":{"start":{"line":81,"column":4},"end":{"line":81,"column":23}},"25":{"start":{"line":83,"column":4},"end":{"line":86,"column":6}},"26":{"start":{"line":90,"column":19},"end":{"line":100,"column":1}},"27":{"start":{"line":91,"column":2},"end":{"line":99,"column":3}},"28":{"start":{"line":92,"column":24},"end":{"line":92,"column":61}},"29":{"start":{"line":93,"column":4},"end":{"line":93,"column":23}},"30":{"start":{"line":95,"column":4},"end":{"line":98,"column":6}},"31":{"start":{"line":102,"column":0},"end":{"line":109,"column":2}}},"fnMap":{"0":{"name":"(anonymous_0)","decl":{"start":{"line":3,"column":19},"end":{"line":3,"column":20}},"loc":{"start":{"line":18,"column":6},"end":{"line":40,"column":1}},"line":18},"1":{"name":"(anonymous_1)","decl":{"start":{"line":42,"column":21},"end":{"line":42,"column":22}},"loc":{"start":{"line":42,"column":42},"end":{"line":52,"column":1}},"line":42},"2":{"name":"(anonymous_2)","decl":{"start":{"line":54,"column":25},"end":{"line":54,"column":26}},"loc":{"start":{"line":54,"column":43},"end":{"line":64,"column":1}},"line":54},"3":{"name":"(anonymous_3)","decl":{"start":{"line":66,"column":29},"end":{"line":66,"column":30}},"loc":{"start":{"line":66,"column":50},"end":{"line":76,"column":1}},"line":66},"4":{"name":"(anonymous_4)","decl":{"start":{"line":78,"column":19},"end":{"line":78,"column":20}},"loc":{"start":{"line":78,"column":43},"end":{"line":88,"column":1}},"line":78},"5":{"name":"(anonymous_5)","decl":{"start":{"line":90,"column":19},"end":{"line":90,"column":20}},"loc":{"start":{"line":90,"column":35},"end":{"line":100,"column":1}},"line":90}},"branchMap":{},"s":{"0":4,"1":4,"2":1,"3":1,"4":1,"5":0,"6":4,"7":2,"8":2,"9":2,"10":0,"11":4,"12":3,"13":3,"14":3,"15":0,"16":4,"17":5,"18":5,"19":5,"20":0,"21":4,"22":0,"23":0,"24":0,"25":0,"26":4,"27":1,"28":1,"29":1,"30":0,"31":4},"f":{"0":1,"1":2,"2":3,"3":5,"4":0,"5":1},"b":{},"_coverageSchema":"1a1c01bbd47fc00a2c39e90264f33305004495a9","hash":"81228f5d9fdf046b062e669679d6347cd3caa900"}
,"C:\\-----Tien Bao Hoc Hanh Cham Chi-----\\Lop Anh Nam\\Gre Health - final project\\be-gre-health\\repositories\\recordRepository.js": {"path":"C:\\-----Tien Bao Hoc Hanh Cham Chi-----\\Lop Anh Nam\\Gre Health - final project\\be-gre-health\\repositories\\recordRepository.js","statementMap":{"0":{"start":{"line":1,"column":15},"end":{"line":1,"column":57}},"1":{"start":{"line":3,"column":21},"end":{"line":42,"column":1}},"2":{"start":{"line":20,"column":2},"end":{"line":41,"column":3}},"3":{"start":{"line":21,"column":26},"end":{"line":37,"column":6}},"4":{"start":{"line":38,"column":4},"end":{"line":38,"column":25}},"5":{"start":{"line":40,"column":4},"end":{"line":40,"column":75}},"6":{"start":{"line":44,"column":23},"end":{"line":54,"column":1}},"7":{"start":{"line":45,"column":2},"end":{"line":53,"column":3}},"8":{"start":{"line":46,"column":20},"end":{"line":46,"column":48}},"9":{"start":{"line":47,"column":4},"end":{"line":47,"column":19}},"10":{"start":{"line":49,"column":4},"end":{"line":52,"column":6}},"11":{"start":{"line":56,"column":27},"end":{"line":66,"column":1}},"12":{"start":{"line":57,"column":2},"end":{"line":65,"column":3}},"13":{"start":{"line":58,"column":19},"end":{"line":58,"column":47}},"14":{"start":{"line":59,"column":4},"end":{"line":59,"column":18}},"15":{"start":{"line":61,"column":4},"end":{"line":64,"column":6}},"16":{"start":{"line":68,"column":31},"end":{"line":78,"column":1}},"17":{"start":{"line":69,"column":2},"end":{"line":77,"column":3}},"18":{"start":{"line":70,"column":20},"end":{"line":70,"column":48}},"19":{"start":{"line":71,"column":4},"end":{"line":71,"column":19}},"20":{"start":{"line":73,"column":4},"end":{"line":76,"column":6}},"21":{"start":{"line":80,"column":21},"end":{"line":90,"column":1}},"22":{"start":{"line":81,"column":2},"end":{"line":89,"column":3}},"23":{"start":{"line":82,"column":26},"end":{"line":82,"column":54}},"24":{"start":{"line":83,"column":4},"end":{"line":83,"column":25}},"25":{"start":{"line":85,"column":4},"end":{"line":88,"column":6}},"26":{"start":{"line":92,"column":0},"end":{"line":98,"column":2}}},"fnMap":{"0":{"name":"(anonymous_0)","decl":{"start":{"line":3,"column":21},"end":{"line":3,"column":22}},"loc":{"start":{"line":19,"column":6},"end":{"line":42,"column":1}},"line":19},"1":{"name":"(anonymous_1)","decl":{"start":{"line":44,"column":23},"end":{"line":44,"column":24}},"loc":{"start":{"line":44,"column":44},"end":{"line":54,"column":1}},"line":44},"2":{"name":"(anonymous_2)","decl":{"start":{"line":56,"column":27},"end":{"line":56,"column":28}},"loc":{"start":{"line":56,"column":45},"end":{"line":66,"column":1}},"line":56},"3":{"name":"(anonymous_3)","decl":{"start":{"line":68,"column":31},"end":{"line":68,"column":32}},"loc":{"start":{"line":68,"column":52},"end":{"line":78,"column":1}},"line":68},"4":{"name":"(anonymous_4)","decl":{"start":{"line":80,"column":21},"end":{"line":80,"column":22}},"loc":{"start":{"line":80,"column":37},"end":{"line":90,"column":1}},"line":80}},"branchMap":{},"s":{"0":4,"1":4,"2":1,"3":1,"4":1,"5":0,"6":4,"7":2,"8":2,"9":2,"10":0,"11":4,"12":3,"13":3,"14":3,"15":0,"16":4,"17":4,"18":4,"19":4,"20":0,"21":4,"22":1,"23":1,"24":1,"25":0,"26":4},"f":{"0":1,"1":2,"2":3,"3":4,"4":1},"b":{},"_coverageSchema":"1a1c01bbd47fc00a2c39e90264f33305004495a9","hash":"8e8b972a3fae04591aa08a307433a161d45a90a7"}
,"C:\\-----Tien Bao Hoc Hanh Cham Chi-----\\Lop Anh Nam\\Gre Health - final project\\be-gre-health\\routes\\index.js": {"path":"C:\\-----Tien Bao Hoc Hanh Cham Chi-----\\Lop Anh Nam\\Gre Health - final project\\be-gre-health\\routes\\index.js","statementMap":{"0":{"start":{"line":1,"column":14},"end":{"line":1,"column":32}},"1":{"start":{"line":2,"column":13},"end":{"line":2,"column":29}},"2":{"start":{"line":5,"column":0},"end":{"line":7,"column":3}},"3":{"start":{"line":6,"column":2},"end":{"line":6,"column":44}},"4":{"start":{"line":9,"column":0},"end":{"line":9,"column":24}}},"fnMap":{"0":{"name":"(anonymous_0)","decl":{"start":{"line":5,"column":16},"end":{"line":5,"column":17}},"loc":{"start":{"line":5,"column":41},"end":{"line":7,"column":1}},"line":5}},"branchMap":{},"s":{"0":3,"1":3,"2":3,"3":0,"4":3},"f":{"0":0},"b":{},"_coverageSchema":"1a1c01bbd47fc00a2c39e90264f33305004495a9","hash":"1eb4dffed568b72c599342b689c8f029a6549895"}
,"C:\\-----Tien Bao Hoc Hanh Cham Chi-----\\Lop Anh Nam\\Gre Health - final project\\be-gre-health\\routes\\users.js": {"path":"C:\\-----Tien Bao Hoc Hanh Cham Chi-----\\Lop Anh Nam\\Gre Health - final project\\be-gre-health\\routes\\users.js","statementMap":{"0":{"start":{"line":1,"column":14},"end":{"line":1,"column":32}},"1":{"start":{"line":2,"column":13},"end":{"line":2,"column":29}},"2":{"start":{"line":5,"column":0},"end":{"line":7,"column":3}},"3":{"start":{"line":6,"column":2},"end":{"line":6,"column":38}},"4":{"start":{"line":9,"column":0},"end":{"line":9,"column":24}}},"fnMap":{"0":{"name":"(anonymous_0)","decl":{"start":{"line":5,"column":16},"end":{"line":5,"column":17}},"loc":{"start":{"line":5,"column":41},"end":{"line":7,"column":1}},"line":5}},"branchMap":{},"s":{"0":3,"1":3,"2":3,"3":0,"4":3},"f":{"0":0},"b":{},"_coverageSchema":"1a1c01bbd47fc00a2c39e90264f33305004495a9","hash":"d2edce2556cf97bd3ec5f9ef05eab6ea8884fede"}
,"C:\\-----Tien Bao Hoc Hanh Cham Chi-----\\Lop Anh Nam\\Gre Health - final project\\be-gre-health\\routes\\api\\auth.js": {"path":"C:\\-----Tien Bao Hoc Hanh Cham Chi-----\\Lop Anh Nam\\Gre Health - final project\\be-gre-health\\routes\\api\\auth.js","statementMap":{"0":{"start":{"line":1,"column":14},"end":{"line":1,"column":32}},"1":{"start":{"line":2,"column":13},"end":{"line":2,"column":29}},"2":{"start":{"line":13,"column":4},"end":{"line":13,"column":47}},"3":{"start":{"line":25,"column":0},"end":{"line":25,"column":35}},"4":{"start":{"line":37,"column":0},"end":{"line":37,"column":29}},"5":{"start":{"line":49,"column":0},"end":{"line":49,"column":52}},"6":{"start":{"line":61,"column":0},"end":{"line":61,"column":29}},"7":{"start":{"line":73,"column":0},"end":{"line":73,"column":45}},"8":{"start":{"line":85,"column":0},"end":{"line":85,"column":39}},"9":{"start":{"line":97,"column":0},"end":{"line":97,"column":44}},"10":{"start":{"line":109,"column":0},"end":{"line":109,"column":34}},"11":{"start":{"line":110,"column":0},"end":{"line":110,"column":48}},"12":{"start":{"line":112,"column":0},"end":{"line":112,"column":24}}},"fnMap":{},"branchMap":{},"s":{"0":3,"1":3,"2":3,"3":3,"4":3,"5":3,"6":3,"7":3,"8":3,"9":3,"10":3,"11":3,"12":3},"f":{},"b":{},"_coverageSchema":"1a1c01bbd47fc00a2c39e90264f33305004495a9","hash":"84ef72932a9076928db0e010c8943d0c50cc01c8"}
,"C:\\-----Tien Bao Hoc Hanh Cham Chi-----\\Lop Anh Nam\\Gre Health - final project\\be-gre-health\\routes\\api\\form.js": {"path":"C:\\-----Tien Bao Hoc Hanh Cham Chi-----\\Lop Anh Nam\\Gre Health - final project\\be-gre-health\\routes\\api\\form.js","statementMap":{"0":{"start":{"line":1,"column":14},"end":{"line":1,"column":32}},"1":{"start":{"line":2,"column":13},"end":{"line":2,"column":29}},"2":{"start":{"line":13,"column":4},"end":{"line":13,"column":47}},"3":{"start":{"line":25,"column":0},"end":{"line":25,"column":29}},"4":{"start":{"line":37,"column":0},"end":{"line":37,"column":48}},"5":{"start":{"line":49,"column":0},"end":{"line":49,"column":56}},"6":{"start":{"line":61,"column":0},"end":{"line":61,"column":56}},"7":{"start":{"line":73,"column":0},"end":{"line":73,"column":35}},"8":{"start":{"line":85,"column":0},"end":{"line":85,"column":39}},"9":{"start":{"line":97,"column":0},"end":{"line":97,"column":34}},"10":{"start":{"line":98,"column":0},"end":{"line":98,"column":52}},"11":{"start":{"line":100,"column":0},"end":{"line":100,"column":24}}},"fnMap":{},"branchMap":{},"s":{"0":3,"1":3,"2":3,"3":3,"4":3,"5":3,"6":3,"7":3,"8":3,"9":3,"10":3,"11":3},"f":{},"b":{},"_coverageSchema":"1a1c01bbd47fc00a2c39e90264f33305004495a9","hash":"f77def1e0feb4defd46315ea2fad0d0269ecff93"}
,"C:\\-----Tien Bao Hoc Hanh Cham Chi-----\\Lop Anh Nam\\Gre Health - final project\\be-gre-health\\routes\\api\\mail.js": {"path":"C:\\-----Tien Bao Hoc Hanh Cham Chi-----\\Lop Anh Nam\\Gre Health - final project\\be-gre-health\\routes\\api\\mail.js","statementMap":{"0":{"start":{"line":1,"column":14},"end":{"line":1,"column":32}},"1":{"start":{"line":2,"column":13},"end":{"line":2,"column":29}},"2":{"start":{"line":3,"column":21},"end":{"line":3,"column":64}},"3":{"start":{"line":15,"column":0},"end":{"line":15,"column":27}},"4":{"start":{"line":17,"column":0},"end":{"line":17,"column":24}}},"fnMap":{},"branchMap":{},"s":{"0":3,"1":3,"2":3,"3":3,"4":3},"f":{},"b":{},"_coverageSchema":"1a1c01bbd47fc00a2c39e90264f33305004495a9","hash":"11fb35fb7b13d8159f1132a1e65e80dff154027a"}
,"C:\\-----Tien Bao Hoc Hanh Cham Chi-----\\Lop Anh Nam\\Gre Health - final project\\be-gre-health\\routes\\api\\record.js": {"path":"C:\\-----Tien Bao Hoc Hanh Cham Chi-----\\Lop Anh Nam\\Gre Health - final project\\be-gre-health\\routes\\api\\record.js","statementMap":{"0":{"start":{"line":1,"column":14},"end":{"line":1,"column":32}},"1":{"start":{"line":2,"column":13},"end":{"line":2,"column":29}},"2":{"start":{"line":11,"column":4},"end":{"line":11,"column":49}},"3":{"start":{"line":22,"column":0},"end":{"line":22,"column":31}},"4":{"start":{"line":34,"column":0},"end":{"line":34,"column":54}},"5":{"start":{"line":46,"column":0},"end":{"line":46,"column":37}},"6":{"start":{"line":58,"column":0},"end":{"line":58,"column":61}},"7":{"start":{"line":70,"column":0},"end":{"line":70,"column":55}},"8":{"start":{"line":82,"column":0},"end":{"line":82,"column":36}},"9":{"start":{"line":84,"column":0},"end":{"line":84,"column":56}},"10":{"start":{"line":86,"column":0},"end":{"line":86,"column":24}}},"fnMap":{},"branchMap":{},"s":{"0":3,"1":3,"2":3,"3":3,"4":3,"5":3,"6":3,"7":3,"8":3,"9":3,"10":3},"f":{},"b":{},"_coverageSchema":"1a1c01bbd47fc00a2c39e90264f33305004495a9","hash":"5c231775f61ab01cbe607edef106e07f61c3c88a"}
}
