TN:
SF:app.js
FN:58,(anonymous_0)
FNF:1
FNH:1
FNDA:3,(anonymous_0)
DA:1,3
DA:2,3
DA:3,3
DA:4,3
DA:5,3
DA:6,3
DA:7,3
DA:8,3
DA:10,3
DA:12,3
DA:13,3
DA:14,3
DA:15,3
DA:16,3
DA:19,3
DA:21,3
DA:24,3
DA:32,3
DA:38,3
DA:40,3
DA:41,3
DA:42,3
DA:43,3
DA:44,3
DA:45,3
DA:47,3
DA:48,3
DA:49,3
DA:51,3
DA:53,3
DA:54,3
DA:55,3
DA:58,3
DA:59,3
DA:62,3
LF:35
LH:35
BRF:0
BRH:0
end_of_record
TN:
SF:constants\role.js
FNF:0
FNH:0
DA:1,4
DA:2,4
DA:3,4
DA:4,4
DA:5,4
DA:7,4
LF:6
LH:6
BRF:0
BRH:0
end_of_record
TN:
SF:controllers\FormController.js
FN:3,(anonymous_0)
FN:65,(anonymous_1)
FN:83,(anonymous_2)
FN:101,(anonymous_3)
FN:125,(anonymous_4)
FN:149,(anonymous_5)
FN:169,(anonymous_6)
FN:199,(anonymous_7)
FNF:8
FNH:7
FNDA:2,(anonymous_0)
FNDA:1,(anonymous_1)
FNDA:2,(anonymous_2)
FNDA:1,(anonymous_3)
FNDA:1,(anonymous_4)
FNDA:0,(anonymous_5)
FNDA:2,(anonymous_6)
FNDA:1,(anonymous_7)
DA:1,3
DA:3,3
DA:4,2
DA:18,2
DA:19,2
DA:24,2
DA:37,1
DA:39,1
DA:56,1
DA:58,0
DA:65,3
DA:66,1
DA:67,1
DA:68,1
DA:72,1
DA:74,1
DA:76,0
DA:83,3
DA:84,2
DA:85,2
DA:87,2
DA:89,2
DA:91,2
DA:93,1
DA:95,0
DA:101,3
DA:102,1
DA:103,1
DA:104,1
DA:108,1
DA:109,1
DA:116,1
DA:118,0
DA:125,3
DA:126,1
DA:127,1
DA:128,1
DA:132,1
DA:133,1
DA:140,1
DA:142,0
DA:149,3
DA:150,0
DA:151,0
DA:153,0
DA:155,0
DA:158,0
DA:160,0
DA:162,0
DA:169,3
DA:170,2
DA:171,2
DA:172,2
DA:173,2
DA:177,2
DA:186,2
DA:190,2
DA:192,0
DA:199,3
DA:200,1
DA:201,1
DA:202,1
DA:203,1
DA:205,0
DA:212,3
LF:65
LH:51
BRDA:24,0,0,1
BRDA:24,0,1,1
BRDA:25,1,0,2
BRDA:25,1,1,2
BRDA:25,1,2,1
BRDA:25,1,3,1
BRDA:25,1,4,1
BRDA:25,1,5,1
BRDA:25,1,6,1
BRDA:25,1,7,1
BRDA:25,1,8,1
BRDA:25,1,9,1
BRDA:25,1,10,1
BRDA:67,2,0,0
BRDA:67,3,0,0
BRDA:87,4,0,0
BRDA:87,4,1,2
BRDA:91,5,0,1
BRDA:91,5,1,1
BRDA:103,6,0,1
BRDA:103,7,0,1
BRDA:127,8,0,1
BRDA:127,9,0,1
BRDA:153,10,0,0
BRDA:153,10,1,0
BRDA:158,11,0,0
BRDA:158,11,1,0
BRDA:172,12,0,2
BRDA:172,13,0,2
BRF:29
BRH:22
end_of_record
TN:
SF:controllers\authController.js
FN:6,(anonymous_0)
FN:72,(anonymous_1)
FN:105,(anonymous_2)
FN:116,(anonymous_3)
FN:126,(anonymous_4)
FN:144,(anonymous_5)
FN:168,(anonymous_6)
FN:213,(anonymous_7)
FN:225,(anonymous_8)
FNF:9
FNH:7
FNDA:2,(anonymous_0)
FNDA:4,(anonymous_1)
FNDA:1,(anonymous_2)
FNDA:0,(anonymous_3)
FNDA:1,(anonymous_4)
FNDA:2,(anonymous_5)
FNDA:0,(anonymous_6)
FNDA:1,(anonymous_7)
FNDA:2,(anonymous_8)
DA:1,3
DA:2,3
DA:3,3
DA:4,3
DA:6,3
DA:7,2
DA:18,2
DA:19,2
DA:24,2
DA:34,0
DA:36,2
DA:39,2
DA:44,2
DA:46,1
DA:48,1
DA:59,1
DA:64,1
DA:66,1
DA:68,0
DA:72,3
DA:73,4
DA:75,4
DA:77,3
DA:78,3
DA:80,3
DA:82,2
DA:84,2
DA:86,2
DA:92,2
DA:94,2
DA:98,1
DA:105,3
DA:106,1
DA:108,1
DA:110,1
DA:113,1
DA:116,3
DA:117,0
DA:118,0
DA:120,0
DA:123,0
DA:126,3
DA:127,1
DA:128,1
DA:129,1
DA:133,1
DA:135,1
DA:137,0
DA:144,3
DA:145,2
DA:146,2
DA:147,2
DA:152,2
DA:154,2
DA:156,2
DA:158,1
DA:160,0
DA:164,0
DA:168,3
DA:169,0
DA:170,0
DA:181,0
DA:183,0
DA:185,0
DA:189,0
DA:191,0
DA:193,0
DA:204,0
DA:206,0
DA:213,3
DA:214,1
DA:215,1
DA:216,1
DA:218,0
DA:225,3
DA:226,2
DA:227,2
DA:228,2
DA:229,2
DA:233,2
DA:239,2
DA:243,2
DA:245,0
DA:252,3
LF:84
LH:63
BRDA:11,0,0,0
BRDA:24,1,0,0
BRDA:24,1,1,2
BRDA:25,2,0,2
BRDA:25,2,1,2
BRDA:25,2,2,2
BRDA:25,2,3,2
BRDA:25,2,4,2
BRDA:25,2,5,2
BRDA:25,2,6,2
BRDA:25,2,7,2
BRDA:44,3,0,1
BRDA:44,3,1,1
BRDA:64,4,0,0
BRDA:64,4,1,1
BRDA:75,5,0,1
BRDA:75,5,1,3
BRDA:75,6,0,4
BRDA:75,6,1,4
BRDA:80,7,0,1
BRDA:80,7,1,2
BRDA:84,8,0,1
BRDA:84,8,1,1
BRDA:108,9,0,0
BRDA:108,9,1,1
BRDA:118,10,0,0
BRDA:118,10,1,0
BRDA:128,11,0,0
BRDA:128,12,0,0
BRDA:152,13,0,0
BRDA:152,13,1,2
BRDA:156,14,0,1
BRDA:156,14,1,1
BRDA:183,15,0,0
BRDA:183,15,1,0
BRDA:189,16,0,0
BRDA:189,16,1,0
BRDA:228,17,0,2
BRDA:228,18,0,2
BRF:39
BRH:26
end_of_record
TN:
SF:controllers\mailController.js
FN:3,(anonymous_0)
FNF:1
FNH:0
FNDA:0,(anonymous_0)
DA:1,3
DA:3,3
DA:4,0
DA:10,0
DA:11,0
DA:14,3
LF:6
LH:3
BRF:0
BRH:0
end_of_record
TN:
SF:controllers\recordController.js
FN:3,(anonymous_0)
FN:66,(anonymous_1)
FN:83,(anonymous_2)
FN:102,(anonymous_3)
FN:128,(anonymous_4)
FN:146,(anonymous_5)
FN:177,(anonymous_6)
FNF:7
FNH:6
FNDA:2,(anonymous_0)
FNDA:1,(anonymous_1)
FNDA:2,(anonymous_2)
FNDA:1,(anonymous_3)
FNDA:0,(anonymous_4)
FNDA:2,(anonymous_5)
FNDA:1,(anonymous_6)
DA:1,3
DA:3,3
DA:4,2
DA:20,2
DA:22,2
DA:38,1
DA:40,1
DA:57,1
DA:59,0
DA:66,3
DA:67,1
DA:68,1
DA:69,1
DA:73,1
DA:74,1
DA:76,0
DA:83,3
DA:84,2
DA:85,2
DA:87,2
DA:89,2
DA:91,2
DA:93,1
DA:95,0
DA:102,3
DA:103,1
DA:104,1
DA:105,1
DA:109,1
DA:110,1
DA:112,1
DA:117,1
DA:119,1
DA:121,0
DA:128,3
DA:129,0
DA:130,0
DA:131,0
DA:133,0
DA:135,0
DA:137,0
DA:139,0
DA:146,3
DA:147,2
DA:148,2
DA:149,2
DA:150,2
DA:154,2
DA:164,2
DA:168,2
DA:170,0
DA:177,3
DA:178,1
DA:179,1
DA:180,1
DA:181,1
DA:183,0
DA:190,3
LF:58
LH:45
BRDA:22,0,0,1
BRDA:22,0,1,1
BRDA:23,1,0,2
BRDA:23,1,1,2
BRDA:23,1,2,1
BRDA:23,1,3,1
BRDA:23,1,4,1
BRDA:23,1,5,1
BRDA:23,1,6,1
BRDA:23,1,7,1
BRDA:23,1,8,1
BRDA:23,1,9,1
BRDA:23,1,10,1
BRDA:23,1,11,1
BRDA:23,1,12,1
BRDA:23,1,13,1
BRDA:68,2,0,0
BRDA:68,3,0,0
BRDA:87,4,0,0
BRDA:87,4,1,2
BRDA:91,5,0,1
BRDA:91,5,1,1
BRDA:104,6,0,1
BRDA:104,7,0,1
BRDA:110,8,0,0
BRDA:110,8,1,1
BRDA:117,9,0,0
BRDA:117,9,1,1
BRDA:131,10,0,0
BRDA:131,10,1,0
BRDA:135,11,0,0
BRDA:135,11,1,0
BRDA:149,12,0,2
BRDA:149,13,0,2
BRF:34
BRH:25
end_of_record
TN:
SF:databases\connect.js
FN:4,(anonymous_0)
FN:17,(anonymous_1)
FNF:2
FNH:2
FNDA:9,(anonymous_0)
FNDA:6,(anonymous_1)
DA:1,6
DA:2,6
DA:4,6
DA:5,9
DA:7,9
DA:11,9
DA:13,0
DA:17,6
DA:18,6
DA:20,6
DA:22,0
DA:29,6
LF:12
LH:10
BRF:0
BRH:0
end_of_record
TN:
SF:databases\models\ExaminationFormModel.js
FNF:0
FNH:0
DA:1,4
DA:2,4
DA:3,4
DA:5,4
DA:27,4
DA:29,4
DA:34,4
LF:7
LH:7
BRF:0
BRH:0
end_of_record
TN:
SF:databases\models\RecordModel.js
FNF:0
FNH:0
DA:1,4
DA:2,4
DA:3,4
DA:5,4
DA:27,4
DA:29,4
DA:31,4
LF:7
LH:7
BRF:0
BRH:0
end_of_record
TN:
SF:databases\models\UserModel.js
FNF:0
FNH:0
DA:1,4
DA:2,4
DA:4,4
DA:12,4
DA:14,4
DA:43,4
DA:45,4
DA:47,4
LF:8
LH:8
BRF:0
BRH:0
end_of_record
TN:
SF:helpers\bcrypt.js
FN:3,(anonymous_0)
FN:12,(anonymous_1)
FNF:2
FNH:2
FNDA:1,(anonymous_0)
FNDA:2,(anonymous_1)
DA:1,3
DA:3,3
DA:4,1
DA:5,1
DA:6,1
DA:8,0
DA:12,3
DA:13,2
DA:14,2
DA:17,3
LF:10
LH:9
BRF:0
BRH:0
end_of_record
TN:
SF:helpers\mailSender.js
FN:4,(anonymous_0)
FNF:1
FNH:0
FNDA:0,(anonymous_0)
DA:1,3
DA:2,3
DA:4,3
DA:5,0
DA:7,0
DA:8,0
DA:17,0
DA:24,0
DA:26,0
DA:30,3
LF:10
LH:4
BRF:0
BRH:0
end_of_record
TN:
SF:middlewares\auth.js
FN:3,(anonymous_0)
FNF:1
FNH:0
FNDA:0,(anonymous_0)
DA:1,3
DA:3,3
DA:4,0
DA:5,0
DA:7,0
DA:9,0
DA:11,0
DA:13,0
DA:14,0
DA:15,0
DA:17,0
DA:19,0
DA:20,0
DA:24,3
LF:14
LH:3
BRDA:5,0,0,0
BRDA:5,0,1,0
BRDA:7,1,0,0
BRDA:7,1,1,0
BRDA:11,2,0,0
BRDA:11,2,1,0
BRF:6
BRH:0
end_of_record
TN:
SF:repositories\authRepository.js
FN:3,(anonymous_0)
FN:31,(anonymous_1)
FN:42,(anonymous_2)
FN:54,(anonymous_3)
FN:66,(anonymous_4)
FN:77,(anonymous_5)
FN:88,(anonymous_6)
FNF:7
FNH:5
FNDA:1,(anonymous_0)
FNDA:8,(anonymous_1)
FNDA:4,(anonymous_2)
FNDA:0,(anonymous_3)
FNDA:2,(anonymous_4)
FNDA:1,(anonymous_5)
FNDA:0,(anonymous_6)
DA:1,4
DA:3,4
DA:14,1
DA:15,1
DA:26,1
DA:28,0
DA:31,4
DA:32,8
DA:33,8
DA:34,8
DA:36,0
DA:42,4
DA:43,4
DA:44,4
DA:45,4
DA:47,0
DA:54,4
DA:55,0
DA:56,0
DA:57,0
DA:59,0
DA:66,4
DA:67,2
DA:68,2
DA:69,2
DA:71,0
DA:77,4
DA:78,1
DA:79,1
DA:80,1
DA:82,0
DA:88,4
DA:89,0
DA:90,0
DA:91,0
DA:93,0
DA:99,4
LF:37
LH:24
BRF:0
BRH:0
end_of_record
TN:
SF:repositories\formRepository.js
FN:3,(anonymous_0)
FN:42,(anonymous_1)
FN:54,(anonymous_2)
FN:66,(anonymous_3)
FN:78,(anonymous_4)
FN:90,(anonymous_5)
FNF:6
FNH:5
FNDA:1,(anonymous_0)
FNDA:2,(anonymous_1)
FNDA:3,(anonymous_2)
FNDA:5,(anonymous_3)
FNDA:0,(anonymous_4)
FNDA:1,(anonymous_5)
DA:1,4
DA:3,4
DA:19,1
DA:20,1
DA:36,1
DA:38,0
DA:42,4
DA:43,2
DA:44,2
DA:45,2
DA:47,0
DA:54,4
DA:55,3
DA:56,3
DA:57,3
DA:59,0
DA:66,4
DA:67,5
DA:68,5
DA:69,5
DA:71,0
DA:78,4
DA:79,0
DA:80,0
DA:81,0
DA:83,0
DA:90,4
DA:91,1
DA:92,1
DA:93,1
DA:95,0
DA:102,4
LF:32
LH:23
BRF:0
BRH:0
end_of_record
TN:
SF:repositories\recordRepository.js
FN:3,(anonymous_0)
FN:42,(anonymous_1)
FN:54,(anonymous_2)
FN:66,(anonymous_3)
FN:78,(anonymous_4)
FNF:5
FNH:5
FNDA:1,(anonymous_0)
FNDA:2,(anonymous_1)
FNDA:3,(anonymous_2)
FNDA:4,(anonymous_3)
FNDA:1,(anonymous_4)
DA:1,4
DA:3,4
DA:19,1
DA:20,1
DA:36,1
DA:38,0
DA:42,4
DA:43,2
DA:44,2
DA:45,2
DA:47,0
DA:54,4
DA:55,3
DA:56,3
DA:57,3
DA:59,0
DA:66,4
DA:67,4
DA:68,4
DA:69,4
DA:71,0
DA:78,4
DA:79,1
DA:80,1
DA:81,1
DA:83,0
DA:90,4
LF:27
LH:22
BRF:0
BRH:0
end_of_record
TN:
SF:routes\index.js
FN:5,(anonymous_0)
FNF:1
FNH:0
FNDA:0,(anonymous_0)
DA:1,3
DA:2,3
DA:5,3
DA:6,0
DA:9,3
LF:5
LH:4
BRF:0
BRH:0
end_of_record
TN:
SF:routes\users.js
FN:5,(anonymous_0)
FNF:1
FNH:0
FNDA:0,(anonymous_0)
DA:1,3
DA:2,3
DA:5,3
DA:6,0
DA:9,3
LF:5
LH:4
BRF:0
BRH:0
end_of_record
TN:
SF:routes\api\auth.js
FNF:0
FNH:0
DA:1,3
DA:2,3
DA:13,3
DA:25,3
DA:37,3
DA:49,3
DA:61,3
DA:73,3
DA:85,3
DA:97,3
DA:109,3
DA:110,3
DA:112,3
LF:13
LH:13
BRF:0
BRH:0
end_of_record
TN:
SF:routes\api\form.js
FNF:0
FNH:0
DA:1,3
DA:2,3
DA:13,3
DA:25,3
DA:37,3
DA:49,3
DA:61,3
DA:73,3
DA:85,3
DA:97,3
DA:98,3
DA:100,3
LF:12
LH:12
BRF:0
BRH:0
end_of_record
TN:
SF:routes\api\mail.js
FNF:0
FNH:0
DA:1,3
DA:2,3
DA:3,3
DA:15,3
DA:17,3
LF:5
LH:5
BRF:0
BRH:0
end_of_record
TN:
SF:routes\api\record.js
FNF:0
FNH:0
DA:1,3
DA:2,3
DA:11,3
DA:22,3
DA:34,3
DA:46,3
DA:58,3
DA:70,3
DA:82,3
DA:84,3
DA:86,3
LF:11
LH:11
BRF:0
BRH:0
end_of_record
