TN:
SF:app.js
FN:58,(anonymous_0)
FNF:1
FNH:1
FNDA:3,(anonymous_0)
DA:1,3
DA:2,3
DA:3,3
DA:4,3
DA:5,3
DA:6,3
DA:7,3
DA:8,3
DA:10,3
DA:12,3
DA:13,3
DA:14,3
DA:15,3
DA:16,3
DA:19,3
DA:21,3
DA:24,3
DA:32,3
DA:38,3
DA:40,3
DA:41,3
DA:42,3
DA:43,3
DA:44,3
DA:45,3
DA:47,3
DA:48,3
DA:49,3
DA:51,3
DA:53,3
DA:54,3
DA:55,3
DA:58,3
DA:59,3
DA:62,3
LF:35
LH:35
BRF:0
BRH:0
end_of_record
TN:
SF:constants\role.js
FNF:0
FNH:0
DA:1,4
DA:2,4
DA:3,4
DA:4,4
DA:5,4
DA:7,4
LF:6
LH:6
BRF:0
BRH:0
end_of_record
TN:
SF:controllers\FormController.js
FN:3,(anonymous_0)
FN:65,(anonymous_1)
FN:78,(anonymous_2)
FN:96,(anonymous_3)
FN:112,(anonymous_4)
FN:128,(anonymous_5)
FN:148,(anonymous_6)
FN:178,(anonymous_7)
FNF:8
FNH:7
FNDA:2,(anonymous_0)
FNDA:1,(anonymous_1)
FNDA:2,(anonymous_2)
FNDA:1,(anonymous_3)
FNDA:1,(anonymous_4)
FNDA:0,(anonymous_5)
FNDA:2,(anonymous_6)
FNDA:1,(anonymous_7)
DA:1,3
DA:3,3
DA:4,2
DA:18,2
DA:19,2
DA:24,2
DA:37,1
DA:39,1
DA:56,1
DA:58,0
DA:65,3
DA:66,1
DA:67,1
DA:69,1
DA:71,0
DA:78,3
DA:79,2
DA:80,2
DA:82,2
DA:84,2
DA:86,2
DA:88,1
DA:90,0
DA:96,3
DA:97,1
DA:98,1
DA:99,1
DA:103,1
DA:105,0
DA:112,3
DA:113,1
DA:114,1
DA:115,1
DA:119,1
DA:121,0
DA:128,3
DA:129,0
DA:130,0
DA:132,0
DA:134,0
DA:137,0
DA:139,0
DA:141,0
DA:148,3
DA:149,2
DA:150,2
DA:151,2
DA:152,2
DA:156,2
DA:165,2
DA:169,2
DA:171,0
DA:178,3
DA:179,1
DA:180,1
DA:181,1
DA:182,1
DA:184,0
DA:191,3
LF:59
LH:45
BRDA:24,0,0,1
BRDA:24,0,1,1
BRDA:25,1,0,2
BRDA:25,1,1,2
BRDA:25,1,2,1
BRDA:25,1,3,1
BRDA:25,1,4,1
BRDA:25,1,5,1
BRDA:25,1,6,1
BRDA:25,1,7,1
BRDA:25,1,8,1
BRDA:25,1,9,1
BRDA:25,1,10,1
BRDA:82,2,0,0
BRDA:82,2,1,2
BRDA:86,3,0,1
BRDA:86,3,1,1
BRDA:132,4,0,0
BRDA:132,4,1,0
BRDA:137,5,0,0
BRDA:137,5,1,0
BRDA:151,6,0,2
BRDA:151,7,0,2
BRF:23
BRH:18
end_of_record
TN:
SF:controllers\authController.js
FN:6,(anonymous_0)
FN:72,(anonymous_1)
FN:105,(anonymous_2)
FN:116,(anonymous_3)
FN:126,(anonymous_4)
FN:139,(anonymous_5)
FN:163,(anonymous_6)
FN:208,(anonymous_7)
FN:220,(anonymous_8)
FNF:9
FNH:7
FNDA:2,(anonymous_0)
FNDA:4,(anonymous_1)
FNDA:1,(anonymous_2)
FNDA:0,(anonymous_3)
FNDA:1,(anonymous_4)
FNDA:2,(anonymous_5)
FNDA:0,(anonymous_6)
FNDA:1,(anonymous_7)
FNDA:2,(anonymous_8)
DA:1,3
DA:2,3
DA:3,3
DA:4,3
DA:6,3
DA:7,2
DA:18,2
DA:19,2
DA:24,2
DA:34,0
DA:36,2
DA:39,2
DA:44,2
DA:46,1
DA:48,1
DA:59,1
DA:64,1
DA:66,1
DA:68,0
DA:72,3
DA:73,4
DA:75,4
DA:77,3
DA:78,3
DA:80,3
DA:82,2
DA:84,2
DA:86,2
DA:92,2
DA:94,2
DA:98,1
DA:105,3
DA:106,1
DA:108,1
DA:110,1
DA:113,1
DA:116,3
DA:117,0
DA:118,0
DA:120,0
DA:123,0
DA:126,3
DA:127,1
DA:128,1
DA:130,1
DA:132,0
DA:139,3
DA:140,2
DA:141,2
DA:142,2
DA:147,2
DA:149,2
DA:151,2
DA:153,1
DA:155,0
DA:159,0
DA:163,3
DA:164,0
DA:165,0
DA:176,0
DA:178,0
DA:180,0
DA:184,0
DA:186,0
DA:188,0
DA:199,0
DA:201,0
DA:208,3
DA:209,1
DA:210,1
DA:211,1
DA:213,0
DA:220,3
DA:221,2
DA:222,2
DA:223,2
DA:224,2
DA:228,2
DA:234,2
DA:238,2
DA:240,0
DA:247,3
LF:82
LH:61
BRDA:11,0,0,0
BRDA:24,1,0,0
BRDA:24,1,1,2
BRDA:25,2,0,2
BRDA:25,2,1,2
BRDA:25,2,2,2
BRDA:25,2,3,2
BRDA:25,2,4,2
BRDA:25,2,5,2
BRDA:25,2,6,2
BRDA:25,2,7,2
BRDA:44,3,0,1
BRDA:44,3,1,1
BRDA:64,4,0,0
BRDA:64,4,1,1
BRDA:75,5,0,1
BRDA:75,5,1,3
BRDA:75,6,0,4
BRDA:75,6,1,4
BRDA:80,7,0,1
BRDA:80,7,1,2
BRDA:84,8,0,1
BRDA:84,8,1,1
BRDA:108,9,0,0
BRDA:108,9,1,1
BRDA:118,10,0,0
BRDA:118,10,1,0
BRDA:147,11,0,0
BRDA:147,11,1,2
BRDA:151,12,0,1
BRDA:151,12,1,1
BRDA:178,13,0,0
BRDA:178,13,1,0
BRDA:184,14,0,0
BRDA:184,14,1,0
BRDA:223,15,0,2
BRDA:223,16,0,2
BRF:37
BRH:26
end_of_record
TN:
SF:controllers\mailController.js
FN:3,(anonymous_0)
FNF:1
FNH:0
FNDA:0,(anonymous_0)
DA:1,3
DA:3,3
DA:4,0
DA:10,0
DA:11,0
DA:14,3
LF:6
LH:3
BRF:0
BRH:0
end_of_record
TN:
SF:controllers\recordController.js
FN:3,(anonymous_0)
FN:68,(anonymous_1)
FN:80,(anonymous_2)
FN:99,(anonymous_3)
FN:117,(anonymous_4)
FN:135,(anonymous_5)
FN:166,(anonymous_6)
FNF:7
FNH:6
FNDA:2,(anonymous_0)
FNDA:1,(anonymous_1)
FNDA:2,(anonymous_2)
FNDA:1,(anonymous_3)
FNDA:0,(anonymous_4)
FNDA:2,(anonymous_5)
FNDA:1,(anonymous_6)
DA:1,3
DA:3,3
DA:4,2
DA:21,2
DA:23,2
DA:39,1
DA:41,1
DA:59,1
DA:61,0
DA:68,3
DA:69,1
DA:70,1
DA:71,1
DA:73,0
DA:80,3
DA:81,2
DA:82,2
DA:84,2
DA:86,2
DA:88,2
DA:90,1
DA:92,0
DA:99,3
DA:100,1
DA:101,1
DA:102,1
DA:104,1
DA:106,1
DA:108,1
DA:110,0
DA:117,3
DA:118,0
DA:119,0
DA:120,0
DA:122,0
DA:124,0
DA:126,0
DA:128,0
DA:135,3
DA:136,2
DA:137,2
DA:138,2
DA:139,2
DA:143,2
DA:153,2
DA:157,2
DA:159,0
DA:166,3
DA:167,1
DA:168,1
DA:169,1
DA:170,1
DA:172,0
DA:179,3
LF:54
LH:41
BRDA:23,0,0,1
BRDA:23,0,1,1
BRDA:24,1,0,2
BRDA:24,1,1,2
BRDA:24,1,2,1
BRDA:24,1,3,1
BRDA:24,1,4,1
BRDA:24,1,5,1
BRDA:24,1,6,1
BRDA:24,1,7,1
BRDA:24,1,8,1
BRDA:24,1,9,1
BRDA:24,1,10,1
BRDA:24,1,11,1
BRDA:24,1,12,1
BRDA:24,1,13,1
BRDA:84,2,0,0
BRDA:84,2,1,2
BRDA:88,3,0,1
BRDA:88,3,1,1
BRDA:102,4,0,0
BRDA:102,4,1,1
BRDA:106,5,0,0
BRDA:106,5,1,1
BRDA:120,6,0,0
BRDA:120,6,1,0
BRDA:124,7,0,0
BRDA:124,7,1,0
BRDA:138,8,0,2
BRDA:138,9,0,2
BRF:30
BRH:23
end_of_record
TN:
SF:databases\connect.js
FN:4,(anonymous_0)
FN:17,(anonymous_1)
FNF:2
FNH:2
FNDA:9,(anonymous_0)
FNDA:6,(anonymous_1)
DA:1,6
DA:2,6
DA:4,6
DA:5,9
DA:7,9
DA:11,9
DA:13,0
DA:17,6
DA:18,6
DA:20,6
DA:22,0
DA:29,6
LF:12
LH:10
BRF:0
BRH:0
end_of_record
TN:
SF:databases\models\ExaminationFormModel.js
FNF:0
FNH:0
DA:1,4
DA:2,4
DA:3,4
DA:5,4
DA:27,4
DA:29,4
DA:34,4
LF:7
LH:7
BRF:0
BRH:0
end_of_record
TN:
SF:databases\models\RecordModel.js
FNF:0
FNH:0
DA:1,4
DA:2,4
DA:3,4
DA:5,4
DA:27,4
DA:29,4
DA:31,4
LF:7
LH:7
BRF:0
BRH:0
end_of_record
TN:
SF:databases\models\UserModel.js
FNF:0
FNH:0
DA:1,4
DA:2,4
DA:4,4
DA:12,4
DA:14,4
DA:43,4
DA:45,4
DA:47,4
LF:8
LH:8
BRF:0
BRH:0
end_of_record
TN:
SF:helpers\bcrypt.js
FN:3,(anonymous_0)
FN:12,(anonymous_1)
FNF:2
FNH:2
FNDA:1,(anonymous_0)
FNDA:2,(anonymous_1)
DA:1,3
DA:3,3
DA:4,1
DA:5,1
DA:6,1
DA:8,0
DA:12,3
DA:13,2
DA:14,2
DA:17,3
LF:10
LH:9
BRF:0
BRH:0
end_of_record
TN:
SF:helpers\mailSender.js
FN:4,(anonymous_0)
FNF:1
FNH:0
FNDA:0,(anonymous_0)
DA:1,3
DA:2,3
DA:4,3
DA:5,0
DA:7,0
DA:8,0
DA:17,0
DA:24,0
DA:26,0
DA:30,3
LF:10
LH:4
BRF:0
BRH:0
end_of_record
TN:
SF:middlewares\auth.js
FN:3,(anonymous_0)
FNF:1
FNH:0
FNDA:0,(anonymous_0)
DA:1,3
DA:3,3
DA:4,0
DA:5,0
DA:7,0
DA:9,0
DA:11,0
DA:13,0
DA:14,0
DA:15,0
DA:17,0
DA:19,0
DA:20,0
DA:24,3
LF:14
LH:3
BRDA:5,0,0,0
BRDA:5,0,1,0
BRDA:7,1,0,0
BRDA:7,1,1,0
BRDA:11,2,0,0
BRDA:11,2,1,0
BRF:6
BRH:0
end_of_record
TN:
SF:repositories\authRepository.js
FN:3,(anonymous_0)
FN:31,(anonymous_1)
FN:42,(anonymous_2)
FN:54,(anonymous_3)
FN:66,(anonymous_4)
FN:77,(anonymous_5)
FN:88,(anonymous_6)
FNF:7
FNH:5
FNDA:1,(anonymous_0)
FNDA:8,(anonymous_1)
FNDA:4,(anonymous_2)
FNDA:0,(anonymous_3)
FNDA:2,(anonymous_4)
FNDA:1,(anonymous_5)
FNDA:0,(anonymous_6)
DA:1,4
DA:3,4
DA:14,1
DA:15,1
DA:26,1
DA:28,0
DA:31,4
DA:32,8
DA:33,8
DA:34,8
DA:36,0
DA:42,4
DA:43,4
DA:44,4
DA:45,4
DA:47,0
DA:54,4
DA:55,0
DA:56,0
DA:57,0
DA:59,0
DA:66,4
DA:67,2
DA:68,2
DA:69,2
DA:71,0
DA:77,4
DA:78,1
DA:79,1
DA:80,1
DA:82,0
DA:88,4
DA:89,0
DA:90,0
DA:91,0
DA:93,0
DA:99,4
LF:37
LH:24
BRF:0
BRH:0
end_of_record
TN:
SF:repositories\formRepository.js
FN:3,(anonymous_0)
FN:42,(anonymous_1)
FN:54,(anonymous_2)
FN:66,(anonymous_3)
FN:78,(anonymous_4)
FN:90,(anonymous_5)
FNF:6
FNH:5
FNDA:1,(anonymous_0)
FNDA:2,(anonymous_1)
FNDA:3,(anonymous_2)
FNDA:5,(anonymous_3)
FNDA:0,(anonymous_4)
FNDA:1,(anonymous_5)
DA:1,4
DA:3,4
DA:19,1
DA:20,1
DA:36,1
DA:38,0
DA:42,4
DA:43,2
DA:44,2
DA:45,2
DA:47,0
DA:54,4
DA:55,3
DA:56,3
DA:57,3
DA:59,0
DA:66,4
DA:67,5
DA:68,5
DA:69,5
DA:71,0
DA:78,4
DA:79,0
DA:80,0
DA:81,0
DA:83,0
DA:90,4
DA:91,1
DA:92,1
DA:93,1
DA:95,0
DA:102,4
LF:32
LH:23
BRF:0
BRH:0
end_of_record
TN:
SF:repositories\recordRepository.js
FN:3,(anonymous_0)
FN:44,(anonymous_1)
FN:56,(anonymous_2)
FN:68,(anonymous_3)
FN:80,(anonymous_4)
FNF:5
FNH:5
FNDA:1,(anonymous_0)
FNDA:2,(anonymous_1)
FNDA:3,(anonymous_2)
FNDA:4,(anonymous_3)
FNDA:1,(anonymous_4)
DA:1,4
DA:3,4
DA:20,1
DA:21,1
DA:38,1
DA:40,0
DA:44,4
DA:45,2
DA:46,2
DA:47,2
DA:49,0
DA:56,4
DA:57,3
DA:58,3
DA:59,3
DA:61,0
DA:68,4
DA:69,4
DA:70,4
DA:71,4
DA:73,0
DA:80,4
DA:81,1
DA:82,1
DA:83,1
DA:85,0
DA:92,4
LF:27
LH:22
BRF:0
BRH:0
end_of_record
TN:
SF:routes\index.js
FN:5,(anonymous_0)
FNF:1
FNH:0
FNDA:0,(anonymous_0)
DA:1,3
DA:2,3
DA:5,3
DA:6,0
DA:9,3
LF:5
LH:4
BRF:0
BRH:0
end_of_record
TN:
SF:routes\users.js
FN:5,(anonymous_0)
FNF:1
FNH:0
FNDA:0,(anonymous_0)
DA:1,3
DA:2,3
DA:5,3
DA:6,0
DA:9,3
LF:5
LH:4
BRF:0
BRH:0
end_of_record
TN:
SF:routes\api\auth.js
FNF:0
FNH:0
DA:1,3
DA:2,3
DA:13,3
DA:25,3
DA:37,3
DA:49,3
DA:61,3
DA:73,3
DA:85,3
DA:97,3
DA:109,3
DA:110,3
DA:112,3
LF:13
LH:13
BRF:0
BRH:0
end_of_record
TN:
SF:routes\api\form.js
FNF:0
FNH:0
DA:1,3
DA:2,3
DA:13,3
DA:25,3
DA:37,3
DA:49,3
DA:61,3
DA:73,3
DA:85,3
DA:97,3
DA:98,3
DA:100,3
LF:12
LH:12
BRF:0
BRH:0
end_of_record
TN:
SF:routes\api\mail.js
FNF:0
FNH:0
DA:1,3
DA:2,3
DA:3,3
DA:15,3
DA:17,3
LF:5
LH:5
BRF:0
BRH:0
end_of_record
TN:
SF:routes\api\record.js
FNF:0
FNH:0
DA:1,3
DA:2,3
DA:11,3
DA:22,3
DA:34,3
DA:46,3
DA:58,3
DA:70,3
DA:82,3
DA:84,3
DA:86,3
LF:11
LH:11
BRF:0
BRH:0
end_of_record
